Server started on port 9000
{
  error: Error: ENOENT: no such file or directory, open 'C:\Users\Joyeeta Brahmachary\KRC\server\bin\certs\Kraheja.pfx'
      at Object.openSync (node:fs:562:18)
      at Object.readFileSync (node:fs:446:35)
      at getClientAssertion (C:\Users\Joyeeta Brahmachary\KRC\server\apis\sharepoint\getAccessToken.js:49:28)
      at C:\Users\Joyeeta Brahmachary\KRC\server\apis\sharepoint\getAccessToken.js:125:41
      at Layer.handle [as handle_request] (C:\Users\Joyeeta Brahmachary\KRC\server\node_modules\express\lib\router\layer.js:95:5)
      at next (C:\Users\Joyeeta Brahmachary\KRC\server\node_modules\express\lib\router\route.js:149:13)
      at Route.dispatch (C:\Users\Joyeeta Brahmachary\KRC\server\node_modules\express\lib\router\route.js:119:3)
      at Layer.handle [as handle_request] (C:\Users\Joyeeta Brahmachary\KRC\server\node_modules\express\lib\router\layer.js:95:5)
      at C:\Users\Joyeeta Brahmachary\KRC\server\node_modules\express\lib\router\index.js:284:15
      at Function.process_params (C:\Users\Joyeeta Brahmachary\KRC\server\node_modules\express\lib\router\index.js:346:12) {
    errno: -4058,
    code: 'ENOENT',
    syscall: 'open',
    path: 'C:\\Users\\Joyeeta Brahmachary\\KRC\\server\\bin\\certs\\Kraheja.pfx'
  },
  fileName: 'C:\\Users\\Joyeeta Brahmachary\\KRC\\server\\apis\\sharepoint\\getAccessToken.js'
}
(node:21816) [DEP0044] DeprecationWarning: The `util.isArray` API is deprecated. Please use `Array.isArray()` instead.
(Use `node --trace-deprecation ...` to show where the warning was created)
{
  error: Error: ENOENT: no such file or directory, open 'C:\Users\Joyeeta Brahmachary\KRC\server\bin\certs\Kraheja.pfx'
      at Object.openSync (node:fs:562:18)
      at Object.readFileSync (node:fs:446:35)
      at getClientAssertion (C:\Users\Joyeeta Brahmachary\KRC\server\apis\sharepoint\getAccessToken.js:49:28)
      at C:\Users\Joyeeta Brahmachary\KRC\server\apis\sharepoint\getAccessToken.js:125:41
      at Layer.handle [as handle_request] (C:\Users\Joyeeta Brahmachary\KRC\server\node_modules\express\lib\router\layer.js:95:5)
      at next (C:\Users\Joyeeta Brahmachary\KRC\server\node_modules\express\lib\router\route.js:149:13)
      at Route.dispatch (C:\Users\Joyeeta Brahmachary\KRC\server\node_modules\express\lib\router\route.js:119:3)
      at Layer.handle [as handle_request] (C:\Users\Joyeeta Brahmachary\KRC\server\node_modules\express\lib\router\layer.js:95:5)
      at C:\Users\Joyeeta Brahmachary\KRC\server\node_modules\express\lib\router\index.js:284:15
      at Function.process_params (C:\Users\Joyeeta Brahmachary\KRC\server\node_modules\express\lib\router\index.js:346:12) {
    errno: -4058,
    code: 'ENOENT',
    syscall: 'open',
    path: 'C:\\Users\\Joyeeta Brahmachary\\KRC\\server\\bin\\certs\\Kraheja.pfx'
  },
  fileName: 'C:\\Users\\Joyeeta Brahmachary\\KRC\\server\\apis\\sharepoint\\getAccessToken.js'
}
{
  error: Error: ENOENT: no such file or directory, open 'C:\Users\Joyeeta Brahmachary\KRC\server\bin\certs\Kraheja.pfx'
      at Object.openSync (node:fs:562:18)
      at Object.readFileSync (node:fs:446:35)
      at getClientAssertion (C:\Users\Joyeeta Brahmachary\KRC\server\apis\sharepoint\getAccessToken.js:49:28)
      at C:\Users\Joyeeta Brahmachary\KRC\server\apis\sharepoint\getAccessToken.js:125:41
      at Layer.handle [as handle_request] (C:\Users\Joyeeta Brahmachary\KRC\server\node_modules\express\lib\router\layer.js:95:5)
      at next (C:\Users\Joyeeta Brahmachary\KRC\server\node_modules\express\lib\router\route.js:149:13)
      at Route.dispatch (C:\Users\Joyeeta Brahmachary\KRC\server\node_modules\express\lib\router\route.js:119:3)
      at Layer.handle [as handle_request] (C:\Users\Joyeeta Brahmachary\KRC\server\node_modules\express\lib\router\layer.js:95:5)
      at C:\Users\Joyeeta Brahmachary\KRC\server\node_modules\express\lib\router\index.js:284:15
      at Function.process_params (C:\Users\Joyeeta Brahmachary\KRC\server\node_modules\express\lib\router\index.js:346:12) {
    errno: -4058,
    code: 'ENOENT',
    syscall: 'open',
    path: 'C:\\Users\\Joyeeta Brahmachary\\KRC\\server\\bin\\certs\\Kraheja.pfx'
  },
  fileName: 'C:\\Users\\Joyeeta Brahmachary\\KRC\\server\\apis\\sharepoint\\getAccessToken.js'
}
{
  error: Error: ENOENT: no such file or directory, open 'C:\Users\Joyeeta Brahmachary\KRC\server\bin\certs\Kraheja.pfx'
      at Object.openSync (node:fs:562:18)
      at Object.readFileSync (node:fs:446:35)
      at getClientAssertion (C:\Users\Joyeeta Brahmachary\KRC\server\apis\sharepoint\getAccessToken.js:49:28)
      at C:\Users\Joyeeta Brahmachary\KRC\server\apis\sharepoint\getAccessToken.js:125:41
      at Layer.handle [as handle_request] (C:\Users\Joyeeta Brahmachary\KRC\server\node_modules\express\lib\router\layer.js:95:5)
      at next (C:\Users\Joyeeta Brahmachary\KRC\server\node_modules\express\lib\router\route.js:149:13)
      at Route.dispatch (C:\Users\Joyeeta Brahmachary\KRC\server\node_modules\express\lib\router\route.js:119:3)
      at Layer.handle [as handle_request] (C:\Users\Joyeeta Brahmachary\KRC\server\node_modules\express\lib\router\layer.js:95:5)
      at C:\Users\Joyeeta Brahmachary\KRC\server\node_modules\express\lib\router\index.js:284:15
      at Function.process_params (C:\Users\Joyeeta Brahmachary\KRC\server\node_modules\express\lib\router\index.js:346:12) {
    errno: -4058,
    code: 'ENOENT',
    syscall: 'open',
    path: 'C:\\Users\\Joyeeta Brahmachary\\KRC\\server\\bin\\certs\\Kraheja.pfx'
  },
  fileName: 'C:\\Users\\Joyeeta Brahmachary\\KRC\\server\\apis\\sharepoint\\getAccessToken.js'
}
{
  error: Error: ENOENT: no such file or directory, open 'C:\Users\Joyeeta Brahmachary\KRC\server\bin\certs\Kraheja.pfx'
      at Object.openSync (node:fs:562:18)
      at Object.readFileSync (node:fs:446:35)
      at getClientAssertion (C:\Users\Joyeeta Brahmachary\KRC\server\apis\sharepoint\getAccessToken.js:49:28)
      at C:\Users\Joyeeta Brahmachary\KRC\server\apis\sharepoint\getAccessToken.js:125:41
      at Layer.handle [as handle_request] (C:\Users\Joyeeta Brahmachary\KRC\server\node_modules\express\lib\router\layer.js:95:5)
      at next (C:\Users\Joyeeta Brahmachary\KRC\server\node_modules\express\lib\router\route.js:149:13)
      at Route.dispatch (C:\Users\Joyeeta Brahmachary\KRC\server\node_modules\express\lib\router\route.js:119:3)
      at Layer.handle [as handle_request] (C:\Users\Joyeeta Brahmachary\KRC\server\node_modules\express\lib\router\layer.js:95:5)
      at C:\Users\Joyeeta Brahmachary\KRC\server\node_modules\express\lib\router\index.js:284:15
      at Function.process_params (C:\Users\Joyeeta Brahmachary\KRC\server\node_modules\express\lib\router\index.js:346:12) {
    errno: -4058,
    code: 'ENOENT',
    syscall: 'open',
    path: 'C:\\Users\\Joyeeta Brahmachary\\KRC\\server\\bin\\certs\\Kraheja.pfx'
  },
  fileName: 'C:\\Users\\Joyeeta Brahmachary\\KRC\\server\\apis\\sharepoint\\getAccessToken.js'
}
{
  error: Error: ENOENT: no such file or directory, open 'C:\Users\Joyeeta Brahmachary\KRC\server\bin\certs\Kraheja.pfx'
      at Object.openSync (node:fs:562:18)
      at Object.readFileSync (node:fs:446:35)
      at getClientAssertion (C:\Users\Joyeeta Brahmachary\KRC\server\apis\sharepoint\getAccessToken.js:49:28)
      at C:\Users\Joyeeta Brahmachary\KRC\server\apis\sharepoint\getAccessToken.js:125:41
      at Layer.handle [as handle_request] (C:\Users\Joyeeta Brahmachary\KRC\server\node_modules\express\lib\router\layer.js:95:5)
      at next (C:\Users\Joyeeta Brahmachary\KRC\server\node_modules\express\lib\router\route.js:149:13)
      at Route.dispatch (C:\Users\Joyeeta Brahmachary\KRC\server\node_modules\express\lib\router\route.js:119:3)
      at Layer.handle [as handle_request] (C:\Users\Joyeeta Brahmachary\KRC\server\node_modules\express\lib\router\layer.js:95:5)
      at C:\Users\Joyeeta Brahmachary\KRC\server\node_modules\express\lib\router\index.js:284:15
      at Function.process_params (C:\Users\Joyeeta Brahmachary\KRC\server\node_modules\express\lib\router\index.js:346:12) {
    errno: -4058,
    code: 'ENOENT',
    syscall: 'open',
    path: 'C:\\Users\\Joyeeta Brahmachary\\KRC\\server\\bin\\certs\\Kraheja.pfx'
  },
  fileName: 'C:\\Users\\Joyeeta Brahmachary\\KRC\\server\\apis\\sharepoint\\getAccessToken.js'
}
{
  error: Error: ENOENT: no such file or directory, open 'C:\Users\Joyeeta Brahmachary\KRC\server\bin\certs\Kraheja.pfx'
      at Object.openSync (node:fs:562:18)
      at Object.readFileSync (node:fs:446:35)
      at getClientAssertion (C:\Users\Joyeeta Brahmachary\KRC\server\apis\sharepoint\getAccessToken.js:49:28)
      at C:\Users\Joyeeta Brahmachary\KRC\server\apis\sharepoint\getAccessToken.js:125:41
      at Layer.handle [as handle_request] (C:\Users\Joyeeta Brahmachary\KRC\server\node_modules\express\lib\router\layer.js:95:5)
      at next (C:\Users\Joyeeta Brahmachary\KRC\server\node_modules\express\lib\router\route.js:149:13)
      at Route.dispatch (C:\Users\Joyeeta Brahmachary\KRC\server\node_modules\express\lib\router\route.js:119:3)
      at Layer.handle [as handle_request] (C:\Users\Joyeeta Brahmachary\KRC\server\node_modules\express\lib\router\layer.js:95:5)
      at C:\Users\Joyeeta Brahmachary\KRC\server\node_modules\express\lib\router\index.js:284:15
      at Function.process_params (C:\Users\Joyeeta Brahmachary\KRC\server\node_modules\express\lib\router\index.js:346:12) {
    errno: -4058,
    code: 'ENOENT',
    syscall: 'open',
    path: 'C:\\Users\\Joyeeta Brahmachary\\KRC\\server\\bin\\certs\\Kraheja.pfx'
  },
  fileName: 'C:\\Users\\Joyeeta Brahmachary\\KRC\\server\\apis\\sharepoint\\getAccessToken.js'
}
AxiosError: Request failed with status code 401
    at settle (C:\Users\Joyeeta Brahmachary\KRC\server\node_modules\axios\dist\node\axios.cjs:1967:12)
    at IncomingMessage.handleStreamEnd (C:\Users\Joyeeta Brahmachary\KRC\server\node_modules\axios\dist\node\axios.cjs:3066:11)
    at IncomingMessage.emit (node:events:530:35)
    at endReadableNT (node:internal/streams/readable:1698:12)
    at process.processTicksAndRejections (node:internal/process/task_queues:90:21)
    at Axios.request (C:\Users\Joyeeta Brahmachary\KRC\server\node_modules\axios\dist\node\axios.cjs:3877:41)
    at process.processTicksAndRejections (node:internal/process/task_queues:105:5) {
  code: 'ERR_BAD_REQUEST',
  config: {
    transitional: {
      silentJSONParsing: true,
      forcedJSONParsing: true,
      clarifyTimeoutError: false
    },
    adapter: [ 'xhr', 'http' ],
    transformRequest: [ [Function: transformRequest] ],
    transformResponse: [ [Function: transformResponse] ],
    timeout: 0,
    xsrfCookieName: 'XSRF-TOKEN',
    xsrfHeaderName: 'X-XSRF-TOKEN',
    maxContentLength: -1,
    maxBodyLength: -1,
    env: { FormData: [Function], Blob: [class Blob] },
    validateStatus: [Function: validateStatus],
    headers: Object [AxiosHeaders] {
      Accept: 'application/json, text/plain, */*',
      'Content-Type': undefined,
      Authorization: 'Bearer undefined',
      'User-Agent': 'axios/1.6.7',
      'Accept-Encoding': 'gzip, compress, deflate, br'
    },
    method: 'get',
    url: "https://kraheja.sharepoint.com/sites/InorbitContactManagementSystem_Dev/_api/Web/Lists/getbytitle('employeeDetails')/items?$top=50000",
    data: undefined
  },
  request: <ref *1> ClientRequest {
    _events: [Object: null prototype] {
      abort: [Function (anonymous)],
      aborted: [Function (anonymous)],
      connect: [Function (anonymous)],
      error: [Function (anonymous)],
      socket: [Function (anonymous)],
      timeout: [Function (anonymous)],
      finish: [Function: requestOnFinish]
    },
    _eventsCount: 7,
    _maxListeners: undefined,
    outputData: [],
    outputSize: 0,
    writable: true,
    destroyed: true,
    _last: true,
    chunkedEncoding: false,
    shouldKeepAlive: true,
    maxRequestsOnConnectionReached: false,
    _defaultKeepAlive: true,
    useChunkedEncodingByDefault: false,
    sendDate: false,
    _removedConnection: false,
    _removedContLen: false,
    _removedTE: false,
    strictContentLength: false,
    _contentLength: 0,
    _hasBody: true,
    _trailer: '',
    finished: true,
    _headerSent: true,
    _closed: true,
    _header: "GET /sites/InorbitContactManagementSystem_Dev/_api/Web/Lists/getbytitle('employeeDetails')/items?$top=50000 HTTP/1.1\r\n" +
      'Accept: application/json, text/plain, */*\r\n' +
      'Authorization: Bearer undefined\r\n' +
      'User-Agent: axios/1.6.7\r\n' +
      'Accept-Encoding: gzip, compress, deflate, br\r\n' +
      'Host: kraheja.sharepoint.com\r\n' +
      'Connection: keep-alive\r\n' +
      '\r\n',
    _keepAliveTimeout: 0,
    _onPendingData: [Function: nop],
    agent: Agent {
      _events: [Object: null prototype],
      _eventsCount: 2,
      _maxListeners: undefined,
      defaultPort: 443,
      protocol: 'https:',
      options: [Object: null prototype],
      requests: [Object: null prototype] {},
      sockets: [Object: null prototype],
      freeSockets: [Object: null prototype],
      keepAliveMsecs: 1000,
      keepAlive: true,
      maxSockets: Infinity,
      maxFreeSockets: 256,
      scheduling: 'lifo',
      maxTotalSockets: Infinity,
      totalSocketCount: 6,
      maxCachedSessions: 100,
      _sessionCache: [Object],
      [Symbol(shapeMode)]: false,
      [Symbol(kCapture)]: false
    },
    socketPath: undefined,
    method: 'GET',
    maxHeaderSize: undefined,
    insecureHTTPParser: undefined,
    joinDuplicateHeaders: undefined,
    path: "/sites/InorbitContactManagementSystem_Dev/_api/Web/Lists/getbytitle('employeeDetails')/items?$top=50000",
    _ended: true,
    res: IncomingMessage {
      _events: [Object],
      _readableState: [ReadableState],
      _maxListeners: undefined,
      socket: null,
      httpVersionMajor: 1,
      httpVersionMinor: 1,
      httpVersion: '1.1',
      complete: true,
      rawHeaders: [Array],
      rawTrailers: [],
      joinDuplicateHeaders: undefined,
      aborted: false,
      upgrade: false,
      url: '',
      method: null,
      statusCode: 401,
      statusMessage: 'Unauthorized',
      client: [TLSSocket],
      _consuming: false,
      _dumped: false,
      req: [Circular *1],
      _eventsCount: 4,
      responseUrl: "https://kraheja.sharepoint.com/sites/InorbitContactManagementSystem_Dev/_api/Web/Lists/getbytitle('employeeDetails')/items?$top=50000",
      redirects: [],
      [Symbol(shapeMode)]: true,
      [Symbol(kCapture)]: false,
      [Symbol(kHeaders)]: [Object],
      [Symbol(kHeadersCount)]: 52,
      [Symbol(kTrailers)]: null,
      [Symbol(kTrailersCount)]: 0
    },
    aborted: false,
    timeoutCb: null,
    upgradeOrConnect: false,
    parser: null,
    maxHeadersCount: null,
    reusedSocket: false,
    host: 'kraheja.sharepoint.com',
    protocol: 'https:',
    _redirectable: Writable {
      _events: [Object],
      _writableState: [WritableState],
      _maxListeners: undefined,
      _options: [Object],
      _ended: true,
      _ending: true,
      _redirectCount: 0,
      _redirects: [],
      _requestBodyLength: 0,
      _requestBodyBuffers: [],
      _eventsCount: 3,
      _onNativeResponse: [Function (anonymous)],
      _currentRequest: [Circular *1],
      _currentUrl: "https://kraheja.sharepoint.com/sites/InorbitContactManagementSystem_Dev/_api/Web/Lists/getbytitle('employeeDetails')/items?$top=50000",
      [Symbol(shapeMode)]: true,
      [Symbol(kCapture)]: false
    },
    [Symbol(shapeMode)]: false,
    [Symbol(kCapture)]: false,
    [Symbol(kBytesWritten)]: 0,
    [Symbol(kNeedDrain)]: false,
    [Symbol(corked)]: 0,
    [Symbol(kChunkedBuffer)]: [],
    [Symbol(kChunkedLength)]: 0,
    [Symbol(kSocket)]: TLSSocket {
      _tlsOptions: [Object],
      _secureEstablished: true,
      _securePending: false,
      _newSessionPending: false,
      _controlReleased: true,
      secureConnecting: false,
      _SNICallback: null,
      servername: 'kraheja.sharepoint.com',
      alpnProtocol: false,
      authorized: true,
      authorizationError: null,
      encrypted: true,
      _events: [Object: null prototype],
      _eventsCount: 9,
      connecting: false,
      _hadError: false,
      _parent: null,
      _host: 'kraheja.sharepoint.com',
      _closeAfterHandlingError: false,
      _readableState: [ReadableState],
      _writableState: [WritableState],
      allowHalfOpen: false,
      _maxListeners: undefined,
      _sockname: null,
      _pendingData: null,
      _pendingEncoding: '',
      server: undefined,
      _server: null,
      ssl: [TLSWrap],
      _requestCert: true,
      _rejectUnauthorized: true,
      timeout: 5000,
      parser: null,
      _httpMessage: null,
      autoSelectFamilyAttemptedAddresses: [Array],
      [Symbol(alpncallback)]: null,
      [Symbol(res)]: [TLSWrap],
      [Symbol(verified)]: true,
      [Symbol(pendingSession)]: null,
      [Symbol(async_id_symbol)]: -1,
      [Symbol(kHandle)]: [TLSWrap],
      [Symbol(lastWriteQueueSize)]: 0,
      [Symbol(timeout)]: Timeout {
        _idleTimeout: 5000,
        _idlePrev: [TimersList],
        _idleNext: [Timeout],
        _idleStart: 70195,
        _onTimeout: [Function: bound ],
        _timerArgs: undefined,
        _repeat: null,
        _destroyed: false,
        [Symbol(refed)]: false,
        [Symbol(kHasPrimitive)]: false,
        [Symbol(asyncId)]: 286,
        [Symbol(triggerId)]: 284,
        [Symbol(kAsyncContextFrame)]: undefined
      },
      [Symbol(kBuffer)]: null,
      [Symbol(kBufferCb)]: null,
      [Symbol(kBufferGen)]: null,
      [Symbol(shapeMode)]: true,
      [Symbol(kCapture)]: false,
      [Symbol(kSetNoDelay)]: false,
      [Symbol(kSetKeepAlive)]: true,
      [Symbol(kSetKeepAliveInitialDelay)]: 1,
      [Symbol(kBytesRead)]: 0,
      [Symbol(kBytesWritten)]: 0,
      [Symbol(connect-options)]: [Object]
    },
    [Symbol(kOutHeaders)]: [Object: null prototype] {
      accept: [Array],
      authorization: [Array],
      'user-agent': [Array],
      'accept-encoding': [Array],
      host: [Array]
    },
    [Symbol(errored)]: null,
    [Symbol(kHighWaterMark)]: 16384,
    [Symbol(kRejectNonStandardBodyWrites)]: false,
    [Symbol(kUniqueHeaders)]: null
  },
  response: {
    status: 401,
    statusText: 'Unauthorized',
    headers: Object [AxiosHeaders] {
      'cache-control': 'private',
      'content-length': '51',
      p3p: 'CP="ALL IND DSP COR ADM CONo CUR CUSo IVAo IVDo PSA PSD TAI TELo OUR SAMo CNT COM INT NAV ONL PHY PRE PUR UNI"',
      'www-authenticate': 'Bearer realm="adf953e1-1575-46ec-8398-5d4c7a540570",client_id="00000003-0000-0ff1-ce00-000000000000",trusted_issuers="00000001-0000-0000-c000-000000000000@*,D3776938-3DBA-481F-A652-4BEDFCAB7CD8@*,https://sts.windows.net/*/,https://login.microsoftonline.com/*/v2.0,00000003-0000-0ff1-ce00-000000000000@90140122-8516-11e1-8eff-49304924019b",authorization_uri="https://login.microsoftonline.com/common/oauth2/authorize"',
      'x-networkstatistics': '0,4194720,0,101,726528,245865,245865,101040',
      'x-ms-diagnostics': '3000006;reason="Token contains invalid signature.";category="invalid_client"',
      isocdi: '0',
      'x-databoundary': 'NONE',
      'x-1dscollectorurl': 'https://mobile.events.data.microsoft.com/OneCollector/1.0/',
      'x-ariacollectorurl': 'https://browser.pipe.aria.microsoft.com/Collector/3.0/',
      sprequestguid: '2f33c9a1-6068-5000-f4cb-405c44f4a8ff',
      'request-id': '2f33c9a1-6068-5000-f4cb-405c44f4a8ff',
      'ms-cv': 'ockzL2hgAFD0y0BcRPSo/w.0',
      splogid: '2f33c9a1-6068-5000-f4cb-405c44f4a8ff',
      'strict-transport-security': 'max-age=31536000',
      'x-frame-options': 'SAMEORIGIN',
      'content-security-policy': "frame-ancestors 'self' teams.microsoft.com *.teams.microsoft.com *.skype.com *.teams.microsoft.us local.teams.office.com teams.cloud.microsoft *.office365.com goals.cloud.microsoft *.powerapps.com *.powerbi.com *.yammer.com engage.cloud.microsoft word.cloud.microsoft excel.cloud.microsoft powerpoint.cloud.microsoft *.officeapps.live.com *.office.com *.microsoft365.com m365.cloud.microsoft *.cloud.microsoft *.stream.azure-test.net *.dynamics.com *.microsoft.com onedrive.live.com *.onedrive.live.com securebroker.sharepointonline.com;",
      sprequestduration: '102',
      spiislatency: '1',
      'x-powered-by': 'ASP.NET',
      microsoftsharepointteamservices: '16.0.0.26510',
      'x-content-type-options': 'nosniff',
      'x-ms-invokeapp': '1; RequireReadOnly',
      'x-cache': 'CONFIG_NOCACHE',
      'x-msedge-ref': 'Ref A: 6ECCDA2A65354999AB3EFB564CBAE4DF Ref B: MAA201060516019 Ref C: 2025-09-25T13:18:05Z',
      date: 'Thu, 25 Sep 2025 13:18:05 GMT'
    },
    config: {
      transitional: [Object],
      adapter: [Array],
      transformRequest: [Array],
      transformResponse: [Array],
      timeout: 0,
      xsrfCookieName: 'XSRF-TOKEN',
      xsrfHeaderName: 'X-XSRF-TOKEN',
      maxContentLength: -1,
      maxBodyLength: -1,
      env: [Object],
      validateStatus: [Function: validateStatus],
      headers: [Object [AxiosHeaders]],
      method: 'get',
      url: "https://kraheja.sharepoint.com/sites/InorbitContactManagementSystem_Dev/_api/Web/Lists/getbytitle('employeeDetails')/items?$top=50000",
      data: undefined
    },
    request: <ref *1> ClientRequest {
      _events: [Object: null prototype],
      _eventsCount: 7,
      _maxListeners: undefined,
      outputData: [],
      outputSize: 0,
      writable: true,
      destroyed: true,
      _last: true,
      chunkedEncoding: false,
      shouldKeepAlive: true,
      maxRequestsOnConnectionReached: false,
      _defaultKeepAlive: true,
      useChunkedEncodingByDefault: false,
      sendDate: false,
      _removedConnection: false,
      _removedContLen: false,
      _removedTE: false,
      strictContentLength: false,
      _contentLength: 0,
      _hasBody: true,
      _trailer: '',
      finished: true,
      _headerSent: true,
      _closed: true,
      _header: "GET /sites/InorbitContactManagementSystem_Dev/_api/Web/Lists/getbytitle('employeeDetails')/items?$top=50000 HTTP/1.1\r\n" +
        'Accept: application/json, text/plain, */*\r\n' +
        'Authorization: Bearer undefined\r\n' +
        'User-Agent: axios/1.6.7\r\n' +
        'Accept-Encoding: gzip, compress, deflate, br\r\n' +
        'Host: kraheja.sharepoint.com\r\n' +
        'Connection: keep-alive\r\n' +
        '\r\n',
      _keepAliveTimeout: 0,
      _onPendingData: [Function: nop],
      agent: [Agent],
      socketPath: undefined,
      method: 'GET',
      maxHeaderSize: undefined,
      insecureHTTPParser: undefined,
      joinDuplicateHeaders: undefined,
      path: "/sites/InorbitContactManagementSystem_Dev/_api/Web/Lists/getbytitle('employeeDetails')/items?$top=50000",
      _ended: true,
      res: [IncomingMessage],
      aborted: false,
      timeoutCb: null,
      upgradeOrConnect: false,
      parser: null,
      maxHeadersCount: null,
      reusedSocket: false,
      host: 'kraheja.sharepoint.com',
      protocol: 'https:',
      _redirectable: [Writable],
      [Symbol(shapeMode)]: false,
      [Symbol(kCapture)]: false,
      [Symbol(kBytesWritten)]: 0,
      [Symbol(kNeedDrain)]: false,
      [Symbol(corked)]: 0,
      [Symbol(kChunkedBuffer)]: [],
      [Symbol(kChunkedLength)]: 0,
      [Symbol(kSocket)]: [TLSSocket],
      [Symbol(kOutHeaders)]: [Object: null prototype],
      [Symbol(errored)]: null,
      [Symbol(kHighWaterMark)]: 16384,
      [Symbol(kRejectNonStandardBodyWrites)]: false,
      [Symbol(kUniqueHeaders)]: null
    },
    data: { error_description: 'Unsupported security token.' }
  }
}
AxiosError: Request failed with status code 401
    at settle (C:\Users\Joyeeta Brahmachary\KRC\server\node_modules\axios\dist\node\axios.cjs:1967:12)
    at IncomingMessage.handleStreamEnd (C:\Users\Joyeeta Brahmachary\KRC\server\node_modules\axios\dist\node\axios.cjs:3066:11)
    at IncomingMessage.emit (node:events:530:35)
    at endReadableNT (node:internal/streams/readable:1698:12)
    at process.processTicksAndRejections (node:internal/process/task_queues:90:21)
    at Axios.request (C:\Users\Joyeeta Brahmachary\KRC\server\node_modules\axios\dist\node\axios.cjs:3877:41)
    at process.processTicksAndRejections (node:internal/process/task_queues:105:5) {
  code: 'ERR_BAD_REQUEST',
  config: {
    transitional: {
      silentJSONParsing: true,
      forcedJSONParsing: true,
      clarifyTimeoutError: false
    },
    adapter: [ 'xhr', 'http' ],
    transformRequest: [ [Function: transformRequest] ],
    transformResponse: [ [Function: transformResponse] ],
    timeout: 0,
    xsrfCookieName: 'XSRF-TOKEN',
    xsrfHeaderName: 'X-XSRF-TOKEN',
    maxContentLength: -1,
    maxBodyLength: -1,
    env: { FormData: [Function], Blob: [class Blob] },
    validateStatus: [Function: validateStatus],
    headers: Object [AxiosHeaders] {
      Accept: 'application/json, text/plain, */*',
      'Content-Type': undefined,
      Authorization: 'Bearer undefined',
      'User-Agent': 'axios/1.6.7',
      'Accept-Encoding': 'gzip, compress, deflate, br'
    },
    method: 'get',
    url: "https://kraheja.sharepoint.com/sites/InorbitContactManagementSystem_Dev/_api/Web/Lists/getbytitle('meetingDetails')/items?$top=50000",
    data: undefined
  },
  request: <ref *1> ClientRequest {
    _events: [Object: null prototype] {
      abort: [Function (anonymous)],
      aborted: [Function (anonymous)],
      connect: [Function (anonymous)],
      error: [Function (anonymous)],
      socket: [Function (anonymous)],
      timeout: [Function (anonymous)],
      finish: [Function: requestOnFinish]
    },
    _eventsCount: 7,
    _maxListeners: undefined,
    outputData: [],
    outputSize: 0,
    writable: true,
    destroyed: true,
    _last: true,
    chunkedEncoding: false,
    shouldKeepAlive: true,
    maxRequestsOnConnectionReached: false,
    _defaultKeepAlive: true,
    useChunkedEncodingByDefault: false,
    sendDate: false,
    _removedConnection: false,
    _removedContLen: false,
    _removedTE: false,
    strictContentLength: false,
    _contentLength: 0,
    _hasBody: true,
    _trailer: '',
    finished: true,
    _headerSent: true,
    _closed: true,
    _header: "GET /sites/InorbitContactManagementSystem_Dev/_api/Web/Lists/getbytitle('meetingDetails')/items?$top=50000 HTTP/1.1\r\n" +
      'Accept: application/json, text/plain, */*\r\n' +
      'Authorization: Bearer undefined\r\n' +
      'User-Agent: axios/1.6.7\r\n' +
      'Accept-Encoding: gzip, compress, deflate, br\r\n' +
      'Host: kraheja.sharepoint.com\r\n' +
      'Connection: keep-alive\r\n' +
      '\r\n',
    _keepAliveTimeout: 0,
    _onPendingData: [Function: nop],
    agent: Agent {
      _events: [Object: null prototype],
      _eventsCount: 2,
      _maxListeners: undefined,
      defaultPort: 443,
      protocol: 'https:',
      options: [Object: null prototype],
      requests: [Object: null prototype] {},
      sockets: [Object: null prototype],
      freeSockets: [Object: null prototype],
      keepAliveMsecs: 1000,
      keepAlive: true,
      maxSockets: Infinity,
      maxFreeSockets: 256,
      scheduling: 'lifo',
      maxTotalSockets: Infinity,
      totalSocketCount: 6,
      maxCachedSessions: 100,
      _sessionCache: [Object],
      [Symbol(shapeMode)]: false,
      [Symbol(kCapture)]: false
    },
    socketPath: undefined,
    method: 'GET',
    maxHeaderSize: undefined,
    insecureHTTPParser: undefined,
    joinDuplicateHeaders: undefined,
    path: "/sites/InorbitContactManagementSystem_Dev/_api/Web/Lists/getbytitle('meetingDetails')/items?$top=50000",
    _ended: true,
    res: IncomingMessage {
      _events: [Object],
      _readableState: [ReadableState],
      _maxListeners: undefined,
      socket: null,
      httpVersionMajor: 1,
      httpVersionMinor: 1,
      httpVersion: '1.1',
      complete: true,
      rawHeaders: [Array],
      rawTrailers: [],
      joinDuplicateHeaders: undefined,
      aborted: false,
      upgrade: false,
      url: '',
      method: null,
      statusCode: 401,
      statusMessage: 'Unauthorized',
      client: [TLSSocket],
      _consuming: false,
      _dumped: false,
      req: [Circular *1],
      _eventsCount: 4,
      responseUrl: "https://kraheja.sharepoint.com/sites/InorbitContactManagementSystem_Dev/_api/Web/Lists/getbytitle('meetingDetails')/items?$top=50000",
      redirects: [],
      [Symbol(shapeMode)]: true,
      [Symbol(kCapture)]: false,
      [Symbol(kHeaders)]: [Object],
      [Symbol(kHeadersCount)]: 52,
      [Symbol(kTrailers)]: null,
      [Symbol(kTrailersCount)]: 0
    },
    aborted: false,
    timeoutCb: null,
    upgradeOrConnect: false,
    parser: null,
    maxHeadersCount: null,
    reusedSocket: false,
    host: 'kraheja.sharepoint.com',
    protocol: 'https:',
    _redirectable: Writable {
      _events: [Object],
      _writableState: [WritableState],
      _maxListeners: undefined,
      _options: [Object],
      _ended: true,
      _ending: true,
      _redirectCount: 0,
      _redirects: [],
      _requestBodyLength: 0,
      _requestBodyBuffers: [],
      _eventsCount: 3,
      _onNativeResponse: [Function (anonymous)],
      _currentRequest: [Circular *1],
      _currentUrl: "https://kraheja.sharepoint.com/sites/InorbitContactManagementSystem_Dev/_api/Web/Lists/getbytitle('meetingDetails')/items?$top=50000",
      [Symbol(shapeMode)]: true,
      [Symbol(kCapture)]: false
    },
    [Symbol(shapeMode)]: false,
    [Symbol(kCapture)]: false,
    [Symbol(kBytesWritten)]: 0,
    [Symbol(kNeedDrain)]: false,
    [Symbol(corked)]: 0,
    [Symbol(kChunkedBuffer)]: [],
    [Symbol(kChunkedLength)]: 0,
    [Symbol(kSocket)]: TLSSocket {
      _tlsOptions: [Object],
      _secureEstablished: true,
      _securePending: false,
      _newSessionPending: false,
      _controlReleased: true,
      secureConnecting: false,
      _SNICallback: null,
      servername: 'kraheja.sharepoint.com',
      alpnProtocol: false,
      authorized: true,
      authorizationError: null,
      encrypted: true,
      _events: [Object: null prototype],
      _eventsCount: 9,
      connecting: false,
      _hadError: false,
      _parent: null,
      _host: 'kraheja.sharepoint.com',
      _closeAfterHandlingError: false,
      _readableState: [ReadableState],
      _writableState: [WritableState],
      allowHalfOpen: false,
      _maxListeners: undefined,
      _sockname: null,
      _pendingData: null,
      _pendingEncoding: '',
      server: undefined,
      _server: null,
      ssl: [TLSWrap],
      _requestCert: true,
      _rejectUnauthorized: true,
      timeout: 5000,
      parser: null,
      _httpMessage: null,
      autoSelectFamilyAttemptedAddresses: [Array],
      [Symbol(alpncallback)]: null,
      [Symbol(res)]: [TLSWrap],
      [Symbol(verified)]: true,
      [Symbol(pendingSession)]: null,
      [Symbol(async_id_symbol)]: -1,
      [Symbol(kHandle)]: [TLSWrap],
      [Symbol(lastWriteQueueSize)]: 0,
      [Symbol(timeout)]: Timeout {
        _idleTimeout: 5000,
        _idlePrev: [TimersList],
        _idleNext: [Timeout],
        _idleStart: 70231,
        _onTimeout: [Function: bound ],
        _timerArgs: undefined,
        _repeat: null,
        _destroyed: false,
        [Symbol(refed)]: false,
        [Symbol(kHasPrimitive)]: false,
        [Symbol(asyncId)]: 298,
        [Symbol(triggerId)]: 296,
        [Symbol(kAsyncContextFrame)]: undefined
      },
      [Symbol(kBuffer)]: null,
      [Symbol(kBufferCb)]: null,
      [Symbol(kBufferGen)]: null,
      [Symbol(shapeMode)]: true,
      [Symbol(kCapture)]: false,
      [Symbol(kSetNoDelay)]: false,
      [Symbol(kSetKeepAlive)]: true,
      [Symbol(kSetKeepAliveInitialDelay)]: 1,
      [Symbol(kBytesRead)]: 0,
      [Symbol(kBytesWritten)]: 0,
      [Symbol(connect-options)]: [Object]
    },
    [Symbol(kOutHeaders)]: [Object: null prototype] {
      accept: [Array],
      authorization: [Array],
      'user-agent': [Array],
      'accept-encoding': [Array],
      host: [Array]
    },
    [Symbol(errored)]: null,
    [Symbol(kHighWaterMark)]: 16384,
    [Symbol(kRejectNonStandardBodyWrites)]: false,
    [Symbol(kUniqueHeaders)]: null
  },
  response: {
    status: 401,
    statusText: 'Unauthorized',
    headers: Object [AxiosHeaders] {
      'cache-control': 'private',
      'content-length': '51',
      p3p: 'CP="ALL IND DSP COR ADM CONo CUR CUSo IVAo IVDo PSA PSD TAI TELo OUR SAMo CNT COM INT NAV ONL PHY PRE PUR UNI"',
      'www-authenticate': 'Bearer realm="adf953e1-1575-46ec-8398-5d4c7a540570",client_id="00000003-0000-0ff1-ce00-000000000000",trusted_issuers="00000001-0000-0000-c000-000000000000@*,D3776938-3DBA-481F-A652-4BEDFCAB7CD8@*,https://sts.windows.net/*/,https://login.microsoftonline.com/*/v2.0,00000003-0000-0ff1-ce00-000000000000@90140122-8516-11e1-8eff-49304924019b",authorization_uri="https://login.microsoftonline.com/common/oauth2/authorize"',
      'x-networkstatistics': '0,4194720,0,104,2265483,525568,525568,104064',
      'x-ms-diagnostics': '3000006;reason="Token contains invalid signature.";category="invalid_client"',
      isocdi: '0',
      'x-databoundary': 'NONE',
      'x-1dscollectorurl': 'https://mobile.events.data.microsoft.com/OneCollector/1.0/',
      'x-ariacollectorurl': 'https://browser.pipe.aria.microsoft.com/Collector/3.0/',
      sprequestguid: '2f33c9a1-106b-5000-f4cb-4410e2987e4f',
      'request-id': '2f33c9a1-106b-5000-f4cb-4410e2987e4f',
      'ms-cv': 'ockzL2sQAFD0y0QQ4ph+Tw.0',
      splogid: '2f33c9a1-106b-5000-f4cb-4410e2987e4f',
      'strict-transport-security': 'max-age=31536000',
      'x-frame-options': 'SAMEORIGIN',
      'content-security-policy': "frame-ancestors 'self' teams.microsoft.com *.teams.microsoft.com *.skype.com *.teams.microsoft.us local.teams.office.com teams.cloud.microsoft *.office365.com goals.cloud.microsoft *.powerapps.com *.powerbi.com *.yammer.com engage.cloud.microsoft word.cloud.microsoft excel.cloud.microsoft powerpoint.cloud.microsoft *.officeapps.live.com *.office.com *.microsoft365.com m365.cloud.microsoft *.cloud.microsoft *.stream.azure-test.net *.dynamics.com *.microsoft.com onedrive.live.com *.onedrive.live.com securebroker.sharepointonline.com;",
      sprequestduration: '93',
      spiislatency: '1',
      'x-powered-by': 'ASP.NET',
      microsoftsharepointteamservices: '16.0.0.26510',
      'x-content-type-options': 'nosniff',
      'x-ms-invokeapp': '1; RequireReadOnly',
      'x-cache': 'CONFIG_NOCACHE',
      'x-msedge-ref': 'Ref A: 4DF57159450F465189EB04D979FB4612 Ref B: MAA201060514019 Ref C: 2025-09-25T13:18:05Z',
      date: 'Thu, 25 Sep 2025 13:18:05 GMT'
    },
    config: {
      transitional: [Object],
      adapter: [Array],
      transformRequest: [Array],
      transformResponse: [Array],
      timeout: 0,
      xsrfCookieName: 'XSRF-TOKEN',
      xsrfHeaderName: 'X-XSRF-TOKEN',
      maxContentLength: -1,
      maxBodyLength: -1,
      env: [Object],
      validateStatus: [Function: validateStatus],
      headers: [Object [AxiosHeaders]],
      method: 'get',
      url: "https://kraheja.sharepoint.com/sites/InorbitContactManagementSystem_Dev/_api/Web/Lists/getbytitle('meetingDetails')/items?$top=50000",
      data: undefined
    },
    request: <ref *1> ClientRequest {
      _events: [Object: null prototype],
      _eventsCount: 7,
      _maxListeners: undefined,
      outputData: [],
      outputSize: 0,
      writable: true,
      destroyed: true,
      _last: true,
      chunkedEncoding: false,
      shouldKeepAlive: true,
      maxRequestsOnConnectionReached: false,
      _defaultKeepAlive: true,
      useChunkedEncodingByDefault: false,
      sendDate: false,
      _removedConnection: false,
      _removedContLen: false,
      _removedTE: false,
      strictContentLength: false,
      _contentLength: 0,
      _hasBody: true,
      _trailer: '',
      finished: true,
      _headerSent: true,
      _closed: true,
      _header: "GET /sites/InorbitContactManagementSystem_Dev/_api/Web/Lists/getbytitle('meetingDetails')/items?$top=50000 HTTP/1.1\r\n" +
        'Accept: application/json, text/plain, */*\r\n' +
        'Authorization: Bearer undefined\r\n' +
        'User-Agent: axios/1.6.7\r\n' +
        'Accept-Encoding: gzip, compress, deflate, br\r\n' +
        'Host: kraheja.sharepoint.com\r\n' +
        'Connection: keep-alive\r\n' +
        '\r\n',
      _keepAliveTimeout: 0,
      _onPendingData: [Function: nop],
      agent: [Agent],
      socketPath: undefined,
      method: 'GET',
      maxHeaderSize: undefined,
      insecureHTTPParser: undefined,
      joinDuplicateHeaders: undefined,
      path: "/sites/InorbitContactManagementSystem_Dev/_api/Web/Lists/getbytitle('meetingDetails')/items?$top=50000",
      _ended: true,
      res: [IncomingMessage],
      aborted: false,
      timeoutCb: null,
      upgradeOrConnect: false,
      parser: null,
      maxHeadersCount: null,
      reusedSocket: false,
      host: 'kraheja.sharepoint.com',
      protocol: 'https:',
      _redirectable: [Writable],
      [Symbol(shapeMode)]: false,
      [Symbol(kCapture)]: false,
      [Symbol(kBytesWritten)]: 0,
      [Symbol(kNeedDrain)]: false,
      [Symbol(corked)]: 0,
      [Symbol(kChunkedBuffer)]: [],
      [Symbol(kChunkedLength)]: 0,
      [Symbol(kSocket)]: [TLSSocket],
      [Symbol(kOutHeaders)]: [Object: null prototype],
      [Symbol(errored)]: null,
      [Symbol(kHighWaterMark)]: 16384,
      [Symbol(kRejectNonStandardBodyWrites)]: false,
      [Symbol(kUniqueHeaders)]: null
    },
    data: { error_description: 'Unsupported security token.' }
  }
}
AxiosError: Request failed with status code 401
    at settle (C:\Users\Joyeeta Brahmachary\KRC\server\node_modules\axios\dist\node\axios.cjs:1967:12)
    at IncomingMessage.handleStreamEnd (C:\Users\Joyeeta Brahmachary\KRC\server\node_modules\axios\dist\node\axios.cjs:3066:11)
    at IncomingMessage.emit (node:events:530:35)
    at endReadableNT (node:internal/streams/readable:1698:12)
    at process.processTicksAndRejections (node:internal/process/task_queues:90:21)
    at Axios.request (C:\Users\Joyeeta Brahmachary\KRC\server\node_modules\axios\dist\node\axios.cjs:3877:41)
    at process.processTicksAndRejections (node:internal/process/task_queues:105:5) {
  code: 'ERR_BAD_REQUEST',
  config: {
    transitional: {
      silentJSONParsing: true,
      forcedJSONParsing: true,
      clarifyTimeoutError: false
    },
    adapter: [ 'xhr', 'http' ],
    transformRequest: [ [Function: transformRequest] ],
    transformResponse: [ [Function: transformResponse] ],
    timeout: 0,
    xsrfCookieName: 'XSRF-TOKEN',
    xsrfHeaderName: 'X-XSRF-TOKEN',
    maxContentLength: -1,
    maxBodyLength: -1,
    env: { FormData: [Function], Blob: [class Blob] },
    validateStatus: [Function: validateStatus],
    headers: Object [AxiosHeaders] {
      Accept: 'application/json;odata=verbose',
      'Content-Type': 'application/json;odata=verbose',
      'X-HTTP-Method': 'MERGE',
      'If-Match': '*',
      Authorization: 'Bearer undefined',
      'User-Agent': 'axios/1.6.7',
      'Content-Length': '94',
      'Accept-Encoding': 'gzip, compress, deflate, br'
    },
    method: 'post',
    url: "https://kraheja.sharepoint.com/sites/InorbitContactManagementSystem_Dev/_api/Web/Lists/getbytitle('employeeDetails')/items/getbyid('undefined')",
    data: '{"__metadata":{"type":"SP.Data.EmployeeDetailsListItem"},"lastLog":"2025-09-25T13:19:07.410Z"}'
  },
  request: <ref *1> ClientRequest {
    _events: [Object: null prototype] {
      abort: [Function (anonymous)],
      aborted: [Function (anonymous)],
      connect: [Function (anonymous)],
      error: [Function (anonymous)],
      socket: [Function (anonymous)],
      timeout: [Function (anonymous)],
      finish: [Function: requestOnFinish]
    },
    _eventsCount: 7,
    _maxListeners: undefined,
    outputData: [],
    outputSize: 0,
    writable: true,
    destroyed: true,
    _last: false,
    chunkedEncoding: false,
    shouldKeepAlive: true,
    maxRequestsOnConnectionReached: false,
    _defaultKeepAlive: true,
    useChunkedEncodingByDefault: true,
    sendDate: false,
    _removedConnection: false,
    _removedContLen: false,
    _removedTE: false,
    strictContentLength: false,
    _contentLength: '94',
    _hasBody: true,
    _trailer: '',
    finished: true,
    _headerSent: true,
    _closed: true,
    _header: "POST /sites/InorbitContactManagementSystem_Dev/_api/Web/Lists/getbytitle('employeeDetails')/items/getbyid('undefined') HTTP/1.1\r\n" +
      'Accept: application/json;odata=verbose\r\n' +
      'Content-Type: application/json;odata=verbose\r\n' +
      'X-HTTP-Method: MERGE\r\n' +
      'If-Match: *\r\n' +
      'Authorization: Bearer undefined\r\n' +
      'User-Agent: axios/1.6.7\r\n' +
      'Content-Length: 94\r\n' +
      'Accept-Encoding: gzip, compress, deflate, br\r\n' +
      'Host: kraheja.sharepoint.com\r\n' +
      'Connection: keep-alive\r\n' +
      '\r\n',
    _keepAliveTimeout: 0,
    _onPendingData: [Function: nop],
    agent: Agent {
      _events: [Object: null prototype],
      _eventsCount: 2,
      _maxListeners: undefined,
      defaultPort: 443,
      protocol: 'https:',
      options: [Object: null prototype],
      requests: [Object: null prototype] {},
      sockets: [Object: null prototype],
      freeSockets: [Object: null prototype],
      keepAliveMsecs: 1000,
      keepAlive: true,
      maxSockets: Infinity,
      maxFreeSockets: 256,
      scheduling: 'lifo',
      maxTotalSockets: Infinity,
      totalSocketCount: 6,
      maxCachedSessions: 100,
      _sessionCache: [Object],
      [Symbol(shapeMode)]: false,
      [Symbol(kCapture)]: false
    },
    socketPath: undefined,
    method: 'POST',
    maxHeaderSize: undefined,
    insecureHTTPParser: undefined,
    joinDuplicateHeaders: undefined,
    path: "/sites/InorbitContactManagementSystem_Dev/_api/Web/Lists/getbytitle('employeeDetails')/items/getbyid('undefined')",
    _ended: true,
    res: IncomingMessage {
      _events: [Object],
      _readableState: [ReadableState],
      _maxListeners: undefined,
      socket: null,
      httpVersionMajor: 1,
      httpVersionMinor: 1,
      httpVersion: '1.1',
      complete: true,
      rawHeaders: [Array],
      rawTrailers: [],
      joinDuplicateHeaders: undefined,
      aborted: false,
      upgrade: false,
      url: '',
      method: null,
      statusCode: 401,
      statusMessage: 'Unauthorized',
      client: [TLSSocket],
      _consuming: false,
      _dumped: false,
      req: [Circular *1],
      _eventsCount: 4,
      responseUrl: "https://kraheja.sharepoint.com/sites/InorbitContactManagementSystem_Dev/_api/Web/Lists/getbytitle('employeeDetails')/items/getbyid('undefined')",
      redirects: [],
      [Symbol(shapeMode)]: true,
      [Symbol(kCapture)]: false,
      [Symbol(kHeaders)]: [Object],
      [Symbol(kHeadersCount)]: 52,
      [Symbol(kTrailers)]: null,
      [Symbol(kTrailersCount)]: 0
    },
    aborted: false,
    timeoutCb: null,
    upgradeOrConnect: false,
    parser: null,
    maxHeadersCount: null,
    reusedSocket: false,
    host: 'kraheja.sharepoint.com',
    protocol: 'https:',
    _redirectable: Writable {
      _events: [Object],
      _writableState: [WritableState],
      _maxListeners: undefined,
      _options: [Object],
      _ended: true,
      _ending: true,
      _redirectCount: 0,
      _redirects: [],
      _requestBodyLength: 94,
      _requestBodyBuffers: [],
      _eventsCount: 3,
      _onNativeResponse: [Function (anonymous)],
      _currentRequest: [Circular *1],
      _currentUrl: "https://kraheja.sharepoint.com/sites/InorbitContactManagementSystem_Dev/_api/Web/Lists/getbytitle('employeeDetails')/items/getbyid('undefined')",
      [Symbol(shapeMode)]: true,
      [Symbol(kCapture)]: false
    },
    [Symbol(shapeMode)]: false,
    [Symbol(kCapture)]: false,
    [Symbol(kBytesWritten)]: 0,
    [Symbol(kNeedDrain)]: false,
    [Symbol(corked)]: 0,
    [Symbol(kChunkedBuffer)]: [],
    [Symbol(kChunkedLength)]: 0,
    [Symbol(kSocket)]: TLSSocket {
      _tlsOptions: [Object],
      _secureEstablished: true,
      _securePending: false,
      _newSessionPending: false,
      _controlReleased: true,
      secureConnecting: false,
      _SNICallback: null,
      servername: 'kraheja.sharepoint.com',
      alpnProtocol: false,
      authorized: true,
      authorizationError: null,
      encrypted: true,
      _events: [Object: null prototype],
      _eventsCount: 9,
      connecting: false,
      _hadError: false,
      _parent: null,
      _host: 'kraheja.sharepoint.com',
      _closeAfterHandlingError: false,
      _readableState: [ReadableState],
      _writableState: [WritableState],
      allowHalfOpen: false,
      _maxListeners: undefined,
      _sockname: null,
      _pendingData: null,
      _pendingEncoding: '',
      server: undefined,
      _server: null,
      ssl: [TLSWrap],
      _requestCert: true,
      _rejectUnauthorized: true,
      timeout: 5000,
      parser: null,
      _httpMessage: null,
      autoSelectFamilyAttemptedAddresses: [Array],
      [Symbol(alpncallback)]: null,
      [Symbol(res)]: [TLSWrap],
      [Symbol(verified)]: true,
      [Symbol(pendingSession)]: null,
      [Symbol(async_id_symbol)]: -1,
      [Symbol(kHandle)]: [TLSWrap],
      [Symbol(lastWriteQueueSize)]: 0,
      [Symbol(timeout)]: Timeout {
        _idleTimeout: 5000,
        _idlePrev: [TimersList],
        _idleNext: [Timeout],
        _idleStart: 70233,
        _onTimeout: [Function: bound ],
        _timerArgs: undefined,
        _repeat: null,
        _destroyed: false,
        [Symbol(refed)]: false,
        [Symbol(kHasPrimitive)]: false,
        [Symbol(asyncId)]: 310,
        [Symbol(triggerId)]: 308,
        [Symbol(kAsyncContextFrame)]: undefined
      },
      [Symbol(kBuffer)]: null,
      [Symbol(kBufferCb)]: null,
      [Symbol(kBufferGen)]: null,
      [Symbol(shapeMode)]: true,
      [Symbol(kCapture)]: false,
      [Symbol(kSetNoDelay)]: false,
      [Symbol(kSetKeepAlive)]: true,
      [Symbol(kSetKeepAliveInitialDelay)]: 1,
      [Symbol(kBytesRead)]: 0,
      [Symbol(kBytesWritten)]: 0,
      [Symbol(connect-options)]: [Object]
    },
    [Symbol(kOutHeaders)]: [Object: null prototype] {
      accept: [Array],
      'content-type': [Array],
      'x-http-method': [Array],
      'if-match': [Array],
      authorization: [Array],
      'user-agent': [Array],
      'content-length': [Array],
      'accept-encoding': [Array],
      host: [Array]
    },
    [Symbol(errored)]: null,
    [Symbol(kHighWaterMark)]: 16384,
    [Symbol(kRejectNonStandardBodyWrites)]: false,
    [Symbol(kUniqueHeaders)]: null
  },
  response: {
    status: 401,
    statusText: 'Unauthorized',
    headers: Object [AxiosHeaders] {
      'cache-control': 'private',
      'content-length': '51',
      p3p: 'CP="ALL IND DSP COR ADM CONo CUR CUSo IVAo IVDo PSA PSD TAI TELo OUR SAMo CNT COM INT NAV ONL PHY PRE PUR UNI"',
      'www-authenticate': 'Bearer realm="adf953e1-1575-46ec-8398-5d4c7a540570",client_id="00000003-0000-0ff1-ce00-000000000000",trusted_issuers="00000001-0000-0000-c000-000000000000@*,D3776938-3DBA-481F-A652-4BEDFCAB7CD8@*,https://sts.windows.net/*/,https://login.microsoftonline.com/*/v2.0,00000003-0000-0ff1-ce00-000000000000@90140122-8516-11e1-8eff-49304924019b",authorization_uri="https://login.microsoftonline.com/common/oauth2/authorize"',
      'x-networkstatistics': '0,4194720,0,0,181266,42112,42112,102172',
      'x-ms-diagnostics': '3000006;reason="Token contains invalid signature.";category="invalid_client"',
      isocdi: '0',
      'x-databoundary': 'NONE',
      'x-1dscollectorurl': 'https://mobile.events.data.microsoft.com/OneCollector/1.0/',
      'x-ariacollectorurl': 'https://browser.pipe.aria.microsoft.com/Collector/3.0/',
      sprequestguid: '2f33c9a1-d069-5000-fa3f-06c30f242549',
      'request-id': '2f33c9a1-d069-5000-fa3f-06c30f242549',
      'ms-cv': 'ockzL2nQAFD6PwbDDyQlSQ.0',
      splogid: '2f33c9a1-d069-5000-fa3f-06c30f242549',
      'strict-transport-security': 'max-age=31536000',
      'x-frame-options': 'SAMEORIGIN',
      'content-security-policy': "frame-ancestors 'self' teams.microsoft.com *.teams.microsoft.com *.skype.com *.teams.microsoft.us local.teams.office.com teams.cloud.microsoft *.office365.com goals.cloud.microsoft *.powerapps.com *.powerbi.com *.yammer.com engage.cloud.microsoft word.cloud.microsoft excel.cloud.microsoft powerpoint.cloud.microsoft *.officeapps.live.com *.office.com *.microsoft365.com m365.cloud.microsoft *.cloud.microsoft *.stream.azure-test.net *.dynamics.com *.microsoft.com onedrive.live.com *.onedrive.live.com securebroker.sharepointonline.com;",
      sprequestduration: '115',
      spiislatency: '1',
      'x-powered-by': 'ASP.NET',
      microsoftsharepointteamservices: '16.0.0.26510',
      'x-content-type-options': 'nosniff',
      'x-ms-invokeapp': '1; RequireReadOnly',
      'x-cache': 'CONFIG_NOCACHE',
      'x-msedge-ref': 'Ref A: 70AA3F9072404AADB6200D0C35BE7ABE Ref B: MAA201060514045 Ref C: 2025-09-25T13:18:05Z',
      date: 'Thu, 25 Sep 2025 13:18:05 GMT'
    },
    config: {
      transitional: [Object],
      adapter: [Array],
      transformRequest: [Array],
      transformResponse: [Array],
      timeout: 0,
      xsrfCookieName: 'XSRF-TOKEN',
      xsrfHeaderName: 'X-XSRF-TOKEN',
      maxContentLength: -1,
      maxBodyLength: -1,
      env: [Object],
      validateStatus: [Function: validateStatus],
      headers: [Object [AxiosHeaders]],
      method: 'post',
      url: "https://kraheja.sharepoint.com/sites/InorbitContactManagementSystem_Dev/_api/Web/Lists/getbytitle('employeeDetails')/items/getbyid('undefined')",
      data: '{"__metadata":{"type":"SP.Data.EmployeeDetailsListItem"},"lastLog":"2025-09-25T13:19:07.410Z"}'
    },
    request: <ref *1> ClientRequest {
      _events: [Object: null prototype],
      _eventsCount: 7,
      _maxListeners: undefined,
      outputData: [],
      outputSize: 0,
      writable: true,
      destroyed: true,
      _last: false,
      chunkedEncoding: false,
      shouldKeepAlive: true,
      maxRequestsOnConnectionReached: false,
      _defaultKeepAlive: true,
      useChunkedEncodingByDefault: true,
      sendDate: false,
      _removedConnection: false,
      _removedContLen: false,
      _removedTE: false,
      strictContentLength: false,
      _contentLength: '94',
      _hasBody: true,
      _trailer: '',
      finished: true,
      _headerSent: true,
      _closed: true,
      _header: "POST /sites/InorbitContactManagementSystem_Dev/_api/Web/Lists/getbytitle('employeeDetails')/items/getbyid('undefined') HTTP/1.1\r\n" +
        'Accept: application/json;odata=verbose\r\n' +
        'Content-Type: application/json;odata=verbose\r\n' +
        'X-HTTP-Method: MERGE\r\n' +
        'If-Match: *\r\n' +
        'Authorization: Bearer undefined\r\n' +
        'User-Agent: axios/1.6.7\r\n' +
        'Content-Length: 94\r\n' +
        'Accept-Encoding: gzip, compress, deflate, br\r\n' +
        'Host: kraheja.sharepoint.com\r\n' +
        'Connection: keep-alive\r\n' +
        '\r\n',
      _keepAliveTimeout: 0,
      _onPendingData: [Function: nop],
      agent: [Agent],
      socketPath: undefined,
      method: 'POST',
      maxHeaderSize: undefined,
      insecureHTTPParser: undefined,
      joinDuplicateHeaders: undefined,
      path: "/sites/InorbitContactManagementSystem_Dev/_api/Web/Lists/getbytitle('employeeDetails')/items/getbyid('undefined')",
      _ended: true,
      res: [IncomingMessage],
      aborted: false,
      timeoutCb: null,
      upgradeOrConnect: false,
      parser: null,
      maxHeadersCount: null,
      reusedSocket: false,
      host: 'kraheja.sharepoint.com',
      protocol: 'https:',
      _redirectable: [Writable],
      [Symbol(shapeMode)]: false,
      [Symbol(kCapture)]: false,
      [Symbol(kBytesWritten)]: 0,
      [Symbol(kNeedDrain)]: false,
      [Symbol(corked)]: 0,
      [Symbol(kChunkedBuffer)]: [],
      [Symbol(kChunkedLength)]: 0,
      [Symbol(kSocket)]: [TLSSocket],
      [Symbol(kOutHeaders)]: [Object: null prototype],
      [Symbol(errored)]: null,
      [Symbol(kHighWaterMark)]: 16384,
      [Symbol(kRejectNonStandardBodyWrites)]: false,
      [Symbol(kUniqueHeaders)]: null
    },
    data: { error_description: 'Unsupported security token.' }
  }
}
AxiosError: Request failed with status code 401
    at settle (C:\Users\Joyeeta Brahmachary\KRC\server\node_modules\axios\dist\node\axios.cjs:1967:12)
    at IncomingMessage.handleStreamEnd (C:\Users\Joyeeta Brahmachary\KRC\server\node_modules\axios\dist\node\axios.cjs:3066:11)
    at IncomingMessage.emit (node:events:530:35)
    at endReadableNT (node:internal/streams/readable:1698:12)
    at process.processTicksAndRejections (node:internal/process/task_queues:90:21)
    at Axios.request (C:\Users\Joyeeta Brahmachary\KRC\server\node_modules\axios\dist\node\axios.cjs:3877:41)
    at process.processTicksAndRejections (node:internal/process/task_queues:105:5) {
  code: 'ERR_BAD_REQUEST',
  config: {
    transitional: {
      silentJSONParsing: true,
      forcedJSONParsing: true,
      clarifyTimeoutError: false
    },
    adapter: [ 'xhr', 'http' ],
    transformRequest: [ [Function: transformRequest] ],
    transformResponse: [ [Function: transformResponse] ],
    timeout: 0,
    xsrfCookieName: 'XSRF-TOKEN',
    xsrfHeaderName: 'X-XSRF-TOKEN',
    maxContentLength: -1,
    maxBodyLength: -1,
    env: { FormData: [Function], Blob: [class Blob] },
    validateStatus: [Function: validateStatus],
    headers: Object [AxiosHeaders] {
      Accept: 'application/json, text/plain, */*',
      'Content-Type': undefined,
      Authorization: 'Bearer undefined',
      'User-Agent': 'axios/1.6.7',
      'Accept-Encoding': 'gzip, compress, deflate, br'
    },
    method: 'get',
    url: "https://kraheja.sharepoint.com/sites/InorbitContactManagementSystem_Dev/_api/Web/Lists/getbytitle('contactmanagementlist')/items?$top=50000",
    data: undefined
  },
  request: <ref *1> ClientRequest {
    _events: [Object: null prototype] {
      abort: [Function (anonymous)],
      aborted: [Function (anonymous)],
      connect: [Function (anonymous)],
      error: [Function (anonymous)],
      socket: [Function (anonymous)],
      timeout: [Function (anonymous)],
      finish: [Function: requestOnFinish]
    },
    _eventsCount: 7,
    _maxListeners: undefined,
    outputData: [],
    outputSize: 0,
    writable: true,
    destroyed: true,
    _last: true,
    chunkedEncoding: false,
    shouldKeepAlive: true,
    maxRequestsOnConnectionReached: false,
    _defaultKeepAlive: true,
    useChunkedEncodingByDefault: false,
    sendDate: false,
    _removedConnection: false,
    _removedContLen: false,
    _removedTE: false,
    strictContentLength: false,
    _contentLength: 0,
    _hasBody: true,
    _trailer: '',
    finished: true,
    _headerSent: true,
    _closed: true,
    _header: "GET /sites/InorbitContactManagementSystem_Dev/_api/Web/Lists/getbytitle('contactmanagementlist')/items?$top=50000 HTTP/1.1\r\n" +
      'Accept: application/json, text/plain, */*\r\n' +
      'Authorization: Bearer undefined\r\n' +
      'User-Agent: axios/1.6.7\r\n' +
      'Accept-Encoding: gzip, compress, deflate, br\r\n' +
      'Host: kraheja.sharepoint.com\r\n' +
      'Connection: keep-alive\r\n' +
      '\r\n',
    _keepAliveTimeout: 0,
    _onPendingData: [Function: nop],
    agent: Agent {
      _events: [Object: null prototype],
      _eventsCount: 2,
      _maxListeners: undefined,
      defaultPort: 443,
      protocol: 'https:',
      options: [Object: null prototype],
      requests: [Object: null prototype] {},
      sockets: [Object: null prototype],
      freeSockets: [Object: null prototype],
      keepAliveMsecs: 1000,
      keepAlive: true,
      maxSockets: Infinity,
      maxFreeSockets: 256,
      scheduling: 'lifo',
      maxTotalSockets: Infinity,
      totalSocketCount: 6,
      maxCachedSessions: 100,
      _sessionCache: [Object],
      [Symbol(shapeMode)]: false,
      [Symbol(kCapture)]: false
    },
    socketPath: undefined,
    method: 'GET',
    maxHeaderSize: undefined,
    insecureHTTPParser: undefined,
    joinDuplicateHeaders: undefined,
    path: "/sites/InorbitContactManagementSystem_Dev/_api/Web/Lists/getbytitle('contactmanagementlist')/items?$top=50000",
    _ended: true,
    res: IncomingMessage {
      _events: [Object],
      _readableState: [ReadableState],
      _maxListeners: undefined,
      socket: null,
      httpVersionMajor: 1,
      httpVersionMinor: 1,
      httpVersion: '1.1',
      complete: true,
      rawHeaders: [Array],
      rawTrailers: [],
      joinDuplicateHeaders: undefined,
      aborted: false,
      upgrade: false,
      url: '',
      method: null,
      statusCode: 401,
      statusMessage: 'Unauthorized',
      client: [TLSSocket],
      _consuming: false,
      _dumped: false,
      req: [Circular *1],
      _eventsCount: 4,
      responseUrl: "https://kraheja.sharepoint.com/sites/InorbitContactManagementSystem_Dev/_api/Web/Lists/getbytitle('contactmanagementlist')/items?$top=50000",
      redirects: [],
      [Symbol(shapeMode)]: true,
      [Symbol(kCapture)]: false,
      [Symbol(kHeaders)]: [Object],
      [Symbol(kHeadersCount)]: 52,
      [Symbol(kTrailers)]: null,
      [Symbol(kTrailersCount)]: 0
    },
    aborted: false,
    timeoutCb: null,
    upgradeOrConnect: false,
    parser: null,
    maxHeadersCount: null,
    reusedSocket: false,
    host: 'kraheja.sharepoint.com',
    protocol: 'https:',
    _redirectable: Writable {
      _events: [Object],
      _writableState: [WritableState],
      _maxListeners: undefined,
      _options: [Object],
      _ended: true,
      _ending: true,
      _redirectCount: 0,
      _redirects: [],
      _requestBodyLength: 0,
      _requestBodyBuffers: [],
      _eventsCount: 3,
      _onNativeResponse: [Function (anonymous)],
      _currentRequest: [Circular *1],
      _currentUrl: "https://kraheja.sharepoint.com/sites/InorbitContactManagementSystem_Dev/_api/Web/Lists/getbytitle('contactmanagementlist')/items?$top=50000",
      [Symbol(shapeMode)]: true,
      [Symbol(kCapture)]: false
    },
    [Symbol(shapeMode)]: false,
    [Symbol(kCapture)]: false,
    [Symbol(kBytesWritten)]: 0,
    [Symbol(kNeedDrain)]: false,
    [Symbol(corked)]: 0,
    [Symbol(kChunkedBuffer)]: [],
    [Symbol(kChunkedLength)]: 0,
    [Symbol(kSocket)]: TLSSocket {
      _tlsOptions: [Object],
      _secureEstablished: true,
      _securePending: false,
      _newSessionPending: false,
      _controlReleased: true,
      secureConnecting: false,
      _SNICallback: null,
      servername: 'kraheja.sharepoint.com',
      alpnProtocol: false,
      authorized: true,
      authorizationError: null,
      encrypted: true,
      _events: [Object: null prototype],
      _eventsCount: 9,
      connecting: false,
      _hadError: false,
      _parent: null,
      _host: 'kraheja.sharepoint.com',
      _closeAfterHandlingError: false,
      _readableState: [ReadableState],
      _writableState: [WritableState],
      allowHalfOpen: false,
      _maxListeners: undefined,
      _sockname: null,
      _pendingData: null,
      _pendingEncoding: '',
      server: undefined,
      _server: null,
      ssl: [TLSWrap],
      _requestCert: true,
      _rejectUnauthorized: true,
      timeout: 5000,
      parser: null,
      _httpMessage: null,
      autoSelectFamilyAttemptedAddresses: [Array],
      [Symbol(alpncallback)]: null,
      [Symbol(res)]: [TLSWrap],
      [Symbol(verified)]: true,
      [Symbol(pendingSession)]: null,
      [Symbol(async_id_symbol)]: -1,
      [Symbol(kHandle)]: [TLSWrap],
      [Symbol(lastWriteQueueSize)]: 0,
      [Symbol(timeout)]: Timeout {
        _idleTimeout: 5000,
        _idlePrev: [TimersList],
        _idleNext: [Timeout],
        _idleStart: 70271,
        _onTimeout: [Function: bound ],
        _timerArgs: undefined,
        _repeat: null,
        _destroyed: false,
        [Symbol(refed)]: false,
        [Symbol(kHasPrimitive)]: false,
        [Symbol(asyncId)]: 322,
        [Symbol(triggerId)]: 320,
        [Symbol(kAsyncContextFrame)]: undefined
      },
      [Symbol(kBuffer)]: null,
      [Symbol(kBufferCb)]: null,
      [Symbol(kBufferGen)]: null,
      [Symbol(shapeMode)]: true,
      [Symbol(kCapture)]: false,
      [Symbol(kSetNoDelay)]: false,
      [Symbol(kSetKeepAlive)]: true,
      [Symbol(kSetKeepAliveInitialDelay)]: 1,
      [Symbol(kBytesRead)]: 0,
      [Symbol(kBytesWritten)]: 0,
      [Symbol(connect-options)]: [Object]
    },
    [Symbol(kOutHeaders)]: [Object: null prototype] {
      accept: [Array],
      authorization: [Array],
      'user-agent': [Array],
      'accept-encoding': [Array],
      host: [Array]
    },
    [Symbol(errored)]: null,
    [Symbol(kHighWaterMark)]: 16384,
    [Symbol(kRejectNonStandardBodyWrites)]: false,
    [Symbol(kUniqueHeaders)]: null
  },
  response: {
    status: 401,
    statusText: 'Unauthorized',
    headers: Object [AxiosHeaders] {
      'cache-control': 'private',
      'content-length': '51',
      p3p: 'CP="ALL IND DSP COR ADM CONo CUR CUSo IVAo IVDo PSA PSD TAI TELo OUR SAMo CNT COM INT NAV ONL PHY PRE PUR UNI"',
      'www-authenticate': 'Bearer realm="adf953e1-1575-46ec-8398-5d4c7a540570",client_id="00000003-0000-0ff1-ce00-000000000000",trusted_issuers="00000001-0000-0000-c000-000000000000@*,D3776938-3DBA-481F-A652-4BEDFCAB7CD8@*,https://sts.windows.net/*/,https://login.microsoftonline.com/*/v2.0,00000003-0000-0ff1-ce00-000000000000@90140122-8516-11e1-8eff-49304924019b",authorization_uri="https://login.microsoftonline.com/common/oauth2/authorize"',
      'x-networkstatistics': '0,4194720,0,203,2092782,525568,525568,101202',
      'x-ms-diagnostics': '3000006;reason="Token contains invalid signature.";category="invalid_client"',
      isocdi: '0',
      'x-databoundary': 'NONE',
      'x-1dscollectorurl': 'https://mobile.events.data.microsoft.com/OneCollector/1.0/',
      'x-ariacollectorurl': 'https://browser.pipe.aria.microsoft.com/Collector/3.0/',
      sprequestguid: '2f33c9a1-b06d-5000-f4cb-4a893da6f7ff',
      'request-id': '2f33c9a1-b06d-5000-f4cb-4a893da6f7ff',
      'ms-cv': 'ockzL22wAFD0y0qJPab3/w.0',
      splogid: '2f33c9a1-b06d-5000-f4cb-4a893da6f7ff',
      'strict-transport-security': 'max-age=31536000',
      'x-frame-options': 'SAMEORIGIN',
      'content-security-policy': "frame-ancestors 'self' teams.microsoft.com *.teams.microsoft.com *.skype.com *.teams.microsoft.us local.teams.office.com teams.cloud.microsoft *.office365.com goals.cloud.microsoft *.powerapps.com *.powerbi.com *.yammer.com engage.cloud.microsoft word.cloud.microsoft excel.cloud.microsoft powerpoint.cloud.microsoft *.officeapps.live.com *.office.com *.microsoft365.com m365.cloud.microsoft *.cloud.microsoft *.stream.azure-test.net *.dynamics.com *.microsoft.com onedrive.live.com *.onedrive.live.com securebroker.sharepointonline.com;",
      sprequestduration: '94',
      spiislatency: '1',
      'x-powered-by': 'ASP.NET',
      microsoftsharepointteamservices: '16.0.0.26510',
      'x-content-type-options': 'nosniff',
      'x-ms-invokeapp': '1; RequireReadOnly',
      'x-cache': 'CONFIG_NOCACHE',
      'x-msedge-ref': 'Ref A: ED70FAC64D27438D81C148A96E8E6E84 Ref B: MAA201060513009 Ref C: 2025-09-25T13:18:05Z',
      date: 'Thu, 25 Sep 2025 13:18:06 GMT'
    },
    config: {
      transitional: [Object],
      adapter: [Array],
      transformRequest: [Array],
      transformResponse: [Array],
      timeout: 0,
      xsrfCookieName: 'XSRF-TOKEN',
      xsrfHeaderName: 'X-XSRF-TOKEN',
      maxContentLength: -1,
      maxBodyLength: -1,
      env: [Object],
      validateStatus: [Function: validateStatus],
      headers: [Object [AxiosHeaders]],
      method: 'get',
      url: "https://kraheja.sharepoint.com/sites/InorbitContactManagementSystem_Dev/_api/Web/Lists/getbytitle('contactmanagementlist')/items?$top=50000",
      data: undefined
    },
    request: <ref *1> ClientRequest {
      _events: [Object: null prototype],
      _eventsCount: 7,
      _maxListeners: undefined,
      outputData: [],
      outputSize: 0,
      writable: true,
      destroyed: true,
      _last: true,
      chunkedEncoding: false,
      shouldKeepAlive: true,
      maxRequestsOnConnectionReached: false,
      _defaultKeepAlive: true,
      useChunkedEncodingByDefault: false,
      sendDate: false,
      _removedConnection: false,
      _removedContLen: false,
      _removedTE: false,
      strictContentLength: false,
      _contentLength: 0,
      _hasBody: true,
      _trailer: '',
      finished: true,
      _headerSent: true,
      _closed: true,
      _header: "GET /sites/InorbitContactManagementSystem_Dev/_api/Web/Lists/getbytitle('contactmanagementlist')/items?$top=50000 HTTP/1.1\r\n" +
        'Accept: application/json, text/plain, */*\r\n' +
        'Authorization: Bearer undefined\r\n' +
        'User-Agent: axios/1.6.7\r\n' +
        'Accept-Encoding: gzip, compress, deflate, br\r\n' +
        'Host: kraheja.sharepoint.com\r\n' +
        'Connection: keep-alive\r\n' +
        '\r\n',
      _keepAliveTimeout: 0,
      _onPendingData: [Function: nop],
      agent: [Agent],
      socketPath: undefined,
      method: 'GET',
      maxHeaderSize: undefined,
      insecureHTTPParser: undefined,
      joinDuplicateHeaders: undefined,
      path: "/sites/InorbitContactManagementSystem_Dev/_api/Web/Lists/getbytitle('contactmanagementlist')/items?$top=50000",
      _ended: true,
      res: [IncomingMessage],
      aborted: false,
      timeoutCb: null,
      upgradeOrConnect: false,
      parser: null,
      maxHeadersCount: null,
      reusedSocket: false,
      host: 'kraheja.sharepoint.com',
      protocol: 'https:',
      _redirectable: [Writable],
      [Symbol(shapeMode)]: false,
      [Symbol(kCapture)]: false,
      [Symbol(kBytesWritten)]: 0,
      [Symbol(kNeedDrain)]: false,
      [Symbol(corked)]: 0,
      [Symbol(kChunkedBuffer)]: [],
      [Symbol(kChunkedLength)]: 0,
      [Symbol(kSocket)]: [TLSSocket],
      [Symbol(kOutHeaders)]: [Object: null prototype],
      [Symbol(errored)]: null,
      [Symbol(kHighWaterMark)]: 16384,
      [Symbol(kRejectNonStandardBodyWrites)]: false,
      [Symbol(kUniqueHeaders)]: null
    },
    data: { error_description: 'Unsupported security token.' }
  }
}
AxiosError: Request failed with status code 401
    at settle (C:\Users\Joyeeta Brahmachary\KRC\server\node_modules\axios\dist\node\axios.cjs:1967:12)
    at IncomingMessage.handleStreamEnd (C:\Users\Joyeeta Brahmachary\KRC\server\node_modules\axios\dist\node\axios.cjs:3066:11)
    at IncomingMessage.emit (node:events:530:35)
    at endReadableNT (node:internal/streams/readable:1698:12)
    at process.processTicksAndRejections (node:internal/process/task_queues:90:21)
    at Axios.request (C:\Users\Joyeeta Brahmachary\KRC\server\node_modules\axios\dist\node\axios.cjs:3877:41)
    at process.processTicksAndRejections (node:internal/process/task_queues:105:5) {
  code: 'ERR_BAD_REQUEST',
  config: {
    transitional: {
      silentJSONParsing: true,
      forcedJSONParsing: true,
      clarifyTimeoutError: false
    },
    adapter: [ 'xhr', 'http' ],
    transformRequest: [ [Function: transformRequest] ],
    transformResponse: [ [Function: transformResponse] ],
    timeout: 0,
    xsrfCookieName: 'XSRF-TOKEN',
    xsrfHeaderName: 'X-XSRF-TOKEN',
    maxContentLength: -1,
    maxBodyLength: -1,
    env: { FormData: [Function], Blob: [class Blob] },
    validateStatus: [Function: validateStatus],
    headers: Object [AxiosHeaders] {
      Accept: 'application/json, text/plain, */*',
      'Content-Type': undefined,
      Authorization: 'Bearer undefined',
      'User-Agent': 'axios/1.6.7',
      'Accept-Encoding': 'gzip, compress, deflate, br'
    },
    method: 'get',
    url: "https://kraheja.sharepoint.com/sites/InorbitContactManagementSystem_Dev/_api/Web/Lists/getbytitle('employeeDetails')/items?$top=50000",
    data: undefined
  },
  request: <ref *1> ClientRequest {
    _events: [Object: null prototype] {
      abort: [Function (anonymous)],
      aborted: [Function (anonymous)],
      connect: [Function (anonymous)],
      error: [Function (anonymous)],
      socket: [Function (anonymous)],
      timeout: [Function (anonymous)],
      finish: [Function: requestOnFinish]
    },
    _eventsCount: 7,
    _maxListeners: undefined,
    outputData: [],
    outputSize: 0,
    writable: true,
    destroyed: true,
    _last: true,
    chunkedEncoding: false,
    shouldKeepAlive: true,
    maxRequestsOnConnectionReached: false,
    _defaultKeepAlive: true,
    useChunkedEncodingByDefault: false,
    sendDate: false,
    _removedConnection: false,
    _removedContLen: false,
    _removedTE: false,
    strictContentLength: false,
    _contentLength: 0,
    _hasBody: true,
    _trailer: '',
    finished: true,
    _headerSent: true,
    _closed: true,
    _header: "GET /sites/InorbitContactManagementSystem_Dev/_api/Web/Lists/getbytitle('employeeDetails')/items?$top=50000 HTTP/1.1\r\n" +
      'Accept: application/json, text/plain, */*\r\n' +
      'Authorization: Bearer undefined\r\n' +
      'User-Agent: axios/1.6.7\r\n' +
      'Accept-Encoding: gzip, compress, deflate, br\r\n' +
      'Host: kraheja.sharepoint.com\r\n' +
      'Connection: keep-alive\r\n' +
      '\r\n',
    _keepAliveTimeout: 0,
    _onPendingData: [Function: nop],
    agent: Agent {
      _events: [Object: null prototype],
      _eventsCount: 2,
      _maxListeners: undefined,
      defaultPort: 443,
      protocol: 'https:',
      options: [Object: null prototype],
      requests: [Object: null prototype] {},
      sockets: [Object: null prototype],
      freeSockets: [Object: null prototype],
      keepAliveMsecs: 1000,
      keepAlive: true,
      maxSockets: Infinity,
      maxFreeSockets: 256,
      scheduling: 'lifo',
      maxTotalSockets: Infinity,
      totalSocketCount: 6,
      maxCachedSessions: 100,
      _sessionCache: [Object],
      [Symbol(shapeMode)]: false,
      [Symbol(kCapture)]: false
    },
    socketPath: undefined,
    method: 'GET',
    maxHeaderSize: undefined,
    insecureHTTPParser: undefined,
    joinDuplicateHeaders: undefined,
    path: "/sites/InorbitContactManagementSystem_Dev/_api/Web/Lists/getbytitle('employeeDetails')/items?$top=50000",
    _ended: true,
    res: IncomingMessage {
      _events: [Object],
      _readableState: [ReadableState],
      _maxListeners: undefined,
      socket: null,
      httpVersionMajor: 1,
      httpVersionMinor: 1,
      httpVersion: '1.1',
      complete: true,
      rawHeaders: [Array],
      rawTrailers: [],
      joinDuplicateHeaders: undefined,
      aborted: false,
      upgrade: false,
      url: '',
      method: null,
      statusCode: 401,
      statusMessage: 'Unauthorized',
      client: [TLSSocket],
      _consuming: false,
      _dumped: false,
      req: [Circular *1],
      _eventsCount: 4,
      responseUrl: "https://kraheja.sharepoint.com/sites/InorbitContactManagementSystem_Dev/_api/Web/Lists/getbytitle('employeeDetails')/items?$top=50000",
      redirects: [],
      [Symbol(shapeMode)]: true,
      [Symbol(kCapture)]: false,
      [Symbol(kHeaders)]: [Object],
      [Symbol(kHeadersCount)]: 52,
      [Symbol(kTrailers)]: null,
      [Symbol(kTrailersCount)]: 0
    },
    aborted: false,
    timeoutCb: null,
    upgradeOrConnect: false,
    parser: null,
    maxHeadersCount: null,
    reusedSocket: false,
    host: 'kraheja.sharepoint.com',
    protocol: 'https:',
    _redirectable: Writable {
      _events: [Object],
      _writableState: [WritableState],
      _maxListeners: undefined,
      _options: [Object],
      _ended: true,
      _ending: true,
      _redirectCount: 0,
      _redirects: [],
      _requestBodyLength: 0,
      _requestBodyBuffers: [],
      _eventsCount: 3,
      _onNativeResponse: [Function (anonymous)],
      _currentRequest: [Circular *1],
      _currentUrl: "https://kraheja.sharepoint.com/sites/InorbitContactManagementSystem_Dev/_api/Web/Lists/getbytitle('employeeDetails')/items?$top=50000",
      [Symbol(shapeMode)]: true,
      [Symbol(kCapture)]: false
    },
    [Symbol(shapeMode)]: false,
    [Symbol(kCapture)]: false,
    [Symbol(kBytesWritten)]: 0,
    [Symbol(kNeedDrain)]: false,
    [Symbol(corked)]: 0,
    [Symbol(kChunkedBuffer)]: [],
    [Symbol(kChunkedLength)]: 0,
    [Symbol(kSocket)]: TLSSocket {
      _tlsOptions: [Object],
      _secureEstablished: true,
      _securePending: false,
      _newSessionPending: false,
      _controlReleased: true,
      secureConnecting: false,
      _SNICallback: null,
      servername: 'kraheja.sharepoint.com',
      alpnProtocol: false,
      authorized: true,
      authorizationError: null,
      encrypted: true,
      _events: [Object: null prototype],
      _eventsCount: 9,
      connecting: false,
      _hadError: false,
      _parent: null,
      _host: 'kraheja.sharepoint.com',
      _closeAfterHandlingError: false,
      _readableState: [ReadableState],
      _writableState: [WritableState],
      allowHalfOpen: false,
      _maxListeners: undefined,
      _sockname: null,
      _pendingData: null,
      _pendingEncoding: '',
      server: undefined,
      _server: null,
      ssl: [TLSWrap],
      _requestCert: true,
      _rejectUnauthorized: true,
      timeout: 5000,
      parser: null,
      _httpMessage: null,
      autoSelectFamilyAttemptedAddresses: [Array],
      [Symbol(alpncallback)]: null,
      [Symbol(res)]: [TLSWrap],
      [Symbol(verified)]: true,
      [Symbol(pendingSession)]: null,
      [Symbol(async_id_symbol)]: -1,
      [Symbol(kHandle)]: [TLSWrap],
      [Symbol(lastWriteQueueSize)]: 0,
      [Symbol(timeout)]: Timeout {
        _idleTimeout: 5000,
        _idlePrev: [TimersList],
        _idleNext: [Timeout],
        _idleStart: 70298,
        _onTimeout: [Function: bound ],
        _timerArgs: undefined,
        _repeat: null,
        _destroyed: false,
        [Symbol(refed)]: false,
        [Symbol(kHasPrimitive)]: false,
        [Symbol(asyncId)]: 334,
        [Symbol(triggerId)]: 332,
        [Symbol(kAsyncContextFrame)]: undefined
      },
      [Symbol(kBuffer)]: null,
      [Symbol(kBufferCb)]: null,
      [Symbol(kBufferGen)]: null,
      [Symbol(shapeMode)]: true,
      [Symbol(kCapture)]: false,
      [Symbol(kSetNoDelay)]: false,
      [Symbol(kSetKeepAlive)]: true,
      [Symbol(kSetKeepAliveInitialDelay)]: 1,
      [Symbol(kBytesRead)]: 0,
      [Symbol(kBytesWritten)]: 0,
      [Symbol(connect-options)]: [Object]
    },
    [Symbol(kOutHeaders)]: [Object: null prototype] {
      accept: [Array],
      authorization: [Array],
      'user-agent': [Array],
      'accept-encoding': [Array],
      host: [Array]
    },
    [Symbol(errored)]: null,
    [Symbol(kHighWaterMark)]: 16384,
    [Symbol(kRejectNonStandardBodyWrites)]: false,
    [Symbol(kUniqueHeaders)]: null
  },
  response: {
    status: 401,
    statusText: 'Unauthorized',
    headers: Object [AxiosHeaders] {
      'cache-control': 'private',
      'content-length': '51',
      p3p: 'CP="ALL IND DSP COR ADM CONo CUR CUSo IVAo IVDo PSA PSD TAI TELo OUR SAMo CNT COM INT NAV ONL PHY PRE PUR UNI"',
      'www-authenticate': 'Bearer realm="adf953e1-1575-46ec-8398-5d4c7a540570",client_id="00000003-0000-0ff1-ce00-000000000000",trusted_issuers="00000001-0000-0000-c000-000000000000@*,D3776938-3DBA-481F-A652-4BEDFCAB7CD8@*,https://sts.windows.net/*/,https://login.microsoftonline.com/*/v2.0,00000003-0000-0ff1-ce00-000000000000@90140122-8516-11e1-8eff-49304924019b",authorization_uri="https://login.microsoftonline.com/common/oauth2/authorize"',
      'x-networkstatistics': '0,4194720,0,207,1898156,1051136,1051136,103433',
      'x-ms-diagnostics': '3000006;reason="Token contains invalid signature.";category="invalid_client"',
      isocdi: '0',
      'x-databoundary': 'NONE',
      'x-1dscollectorurl': 'https://mobile.events.data.microsoft.com/OneCollector/1.0/',
      'x-ariacollectorurl': 'https://browser.pipe.aria.microsoft.com/Collector/3.0/',
      sprequestguid: '2f33c9a1-906e-5000-f4cb-4534ad4ea660',
      'request-id': '2f33c9a1-906e-5000-f4cb-4534ad4ea660',
      'ms-cv': 'ockzL26QAFD0y0U0rU6mYA.0',
      splogid: '2f33c9a1-906e-5000-f4cb-4534ad4ea660',
      'strict-transport-security': 'max-age=31536000',
      'x-frame-options': 'SAMEORIGIN',
      'content-security-policy': "frame-ancestors 'self' teams.microsoft.com *.teams.microsoft.com *.skype.com *.teams.microsoft.us local.teams.office.com teams.cloud.microsoft *.office365.com goals.cloud.microsoft *.powerapps.com *.powerbi.com *.yammer.com engage.cloud.microsoft word.cloud.microsoft excel.cloud.microsoft powerpoint.cloud.microsoft *.officeapps.live.com *.office.com *.microsoft365.com m365.cloud.microsoft *.cloud.microsoft *.stream.azure-test.net *.dynamics.com *.microsoft.com onedrive.live.com *.onedrive.live.com securebroker.sharepointonline.com;",
      sprequestduration: '99',
      spiislatency: '1',
      'x-powered-by': 'ASP.NET',
      microsoftsharepointteamservices: '16.0.0.26510',
      'x-content-type-options': 'nosniff',
      'x-ms-invokeapp': '1; RequireReadOnly',
      'x-cache': 'CONFIG_NOCACHE',
      'x-msedge-ref': 'Ref A: 615480D8EA294176A4DF0304505A94FF Ref B: MAA201060513031 Ref C: 2025-09-25T13:18:05Z',
      date: 'Thu, 25 Sep 2025 13:18:05 GMT'
    },
    config: {
      transitional: [Object],
      adapter: [Array],
      transformRequest: [Array],
      transformResponse: [Array],
      timeout: 0,
      xsrfCookieName: 'XSRF-TOKEN',
      xsrfHeaderName: 'X-XSRF-TOKEN',
      maxContentLength: -1,
      maxBodyLength: -1,
      env: [Object],
      validateStatus: [Function: validateStatus],
      headers: [Object [AxiosHeaders]],
      method: 'get',
      url: "https://kraheja.sharepoint.com/sites/InorbitContactManagementSystem_Dev/_api/Web/Lists/getbytitle('employeeDetails')/items?$top=50000",
      data: undefined
    },
    request: <ref *1> ClientRequest {
      _events: [Object: null prototype],
      _eventsCount: 7,
      _maxListeners: undefined,
      outputData: [],
      outputSize: 0,
      writable: true,
      destroyed: true,
      _last: true,
      chunkedEncoding: false,
      shouldKeepAlive: true,
      maxRequestsOnConnectionReached: false,
      _defaultKeepAlive: true,
      useChunkedEncodingByDefault: false,
      sendDate: false,
      _removedConnection: false,
      _removedContLen: false,
      _removedTE: false,
      strictContentLength: false,
      _contentLength: 0,
      _hasBody: true,
      _trailer: '',
      finished: true,
      _headerSent: true,
      _closed: true,
      _header: "GET /sites/InorbitContactManagementSystem_Dev/_api/Web/Lists/getbytitle('employeeDetails')/items?$top=50000 HTTP/1.1\r\n" +
        'Accept: application/json, text/plain, */*\r\n' +
        'Authorization: Bearer undefined\r\n' +
        'User-Agent: axios/1.6.7\r\n' +
        'Accept-Encoding: gzip, compress, deflate, br\r\n' +
        'Host: kraheja.sharepoint.com\r\n' +
        'Connection: keep-alive\r\n' +
        '\r\n',
      _keepAliveTimeout: 0,
      _onPendingData: [Function: nop],
      agent: [Agent],
      socketPath: undefined,
      method: 'GET',
      maxHeaderSize: undefined,
      insecureHTTPParser: undefined,
      joinDuplicateHeaders: undefined,
      path: "/sites/InorbitContactManagementSystem_Dev/_api/Web/Lists/getbytitle('employeeDetails')/items?$top=50000",
      _ended: true,
      res: [IncomingMessage],
      aborted: false,
      timeoutCb: null,
      upgradeOrConnect: false,
      parser: null,
      maxHeadersCount: null,
      reusedSocket: false,
      host: 'kraheja.sharepoint.com',
      protocol: 'https:',
      _redirectable: [Writable],
      [Symbol(shapeMode)]: false,
      [Symbol(kCapture)]: false,
      [Symbol(kBytesWritten)]: 0,
      [Symbol(kNeedDrain)]: false,
      [Symbol(corked)]: 0,
      [Symbol(kChunkedBuffer)]: [],
      [Symbol(kChunkedLength)]: 0,
      [Symbol(kSocket)]: [TLSSocket],
      [Symbol(kOutHeaders)]: [Object: null prototype],
      [Symbol(errored)]: null,
      [Symbol(kHighWaterMark)]: 16384,
      [Symbol(kRejectNonStandardBodyWrites)]: false,
      [Symbol(kUniqueHeaders)]: null
    },
    data: { error_description: 'Unsupported security token.' }
  }
}
AxiosError: Request failed with status code 401
    at settle (C:\Users\Joyeeta Brahmachary\KRC\server\node_modules\axios\dist\node\axios.cjs:1967:12)
    at IncomingMessage.handleStreamEnd (C:\Users\Joyeeta Brahmachary\KRC\server\node_modules\axios\dist\node\axios.cjs:3066:11)
    at IncomingMessage.emit (node:events:530:35)
    at endReadableNT (node:internal/streams/readable:1698:12)
    at process.processTicksAndRejections (node:internal/process/task_queues:90:21)
    at Axios.request (C:\Users\Joyeeta Brahmachary\KRC\server\node_modules\axios\dist\node\axios.cjs:3877:41)
    at process.processTicksAndRejections (node:internal/process/task_queues:105:5) {
  code: 'ERR_BAD_REQUEST',
  config: {
    transitional: {
      silentJSONParsing: true,
      forcedJSONParsing: true,
      clarifyTimeoutError: false
    },
    adapter: [ 'xhr', 'http' ],
    transformRequest: [ [Function: transformRequest] ],
    transformResponse: [ [Function: transformResponse] ],
    timeout: 0,
    xsrfCookieName: 'XSRF-TOKEN',
    xsrfHeaderName: 'X-XSRF-TOKEN',
    maxContentLength: -1,
    maxBodyLength: -1,
    env: { FormData: [Function], Blob: [class Blob] },
    validateStatus: [Function: validateStatus],
    headers: Object [AxiosHeaders] {
      Accept: 'application/json, text/plain, */*',
      'Content-Type': undefined,
      Authorization: 'Bearer undefined',
      'User-Agent': 'axios/1.6.7',
      'Accept-Encoding': 'gzip, compress, deflate, br'
    },
    method: 'get',
    url: "https://kraheja.sharepoint.com/sites/InorbitContactManagementSystem_Dev/_api/Web/Lists/getbytitle('mailHistory')/items?$top=50000",
    data: undefined
  },
  request: <ref *1> ClientRequest {
    _events: [Object: null prototype] {
      abort: [Function (anonymous)],
      aborted: [Function (anonymous)],
      connect: [Function (anonymous)],
      error: [Function (anonymous)],
      socket: [Function (anonymous)],
      timeout: [Function (anonymous)],
      finish: [Function: requestOnFinish]
    },
    _eventsCount: 7,
    _maxListeners: undefined,
    outputData: [],
    outputSize: 0,
    writable: true,
    destroyed: true,
    _last: true,
    chunkedEncoding: false,
    shouldKeepAlive: true,
    maxRequestsOnConnectionReached: false,
    _defaultKeepAlive: true,
    useChunkedEncodingByDefault: false,
    sendDate: false,
    _removedConnection: false,
    _removedContLen: false,
    _removedTE: false,
    strictContentLength: false,
    _contentLength: 0,
    _hasBody: true,
    _trailer: '',
    finished: true,
    _headerSent: true,
    _closed: true,
    _header: "GET /sites/InorbitContactManagementSystem_Dev/_api/Web/Lists/getbytitle('mailHistory')/items?$top=50000 HTTP/1.1\r\n" +
      'Accept: application/json, text/plain, */*\r\n' +
      'Authorization: Bearer undefined\r\n' +
      'User-Agent: axios/1.6.7\r\n' +
      'Accept-Encoding: gzip, compress, deflate, br\r\n' +
      'Host: kraheja.sharepoint.com\r\n' +
      'Connection: keep-alive\r\n' +
      '\r\n',
    _keepAliveTimeout: 0,
    _onPendingData: [Function: nop],
    agent: Agent {
      _events: [Object: null prototype],
      _eventsCount: 2,
      _maxListeners: undefined,
      defaultPort: 443,
      protocol: 'https:',
      options: [Object: null prototype],
      requests: [Object: null prototype] {},
      sockets: [Object: null prototype] {},
      freeSockets: [Object: null prototype],
      keepAliveMsecs: 1000,
      keepAlive: true,
      maxSockets: Infinity,
      maxFreeSockets: 256,
      scheduling: 'lifo',
      maxTotalSockets: Infinity,
      totalSocketCount: 6,
      maxCachedSessions: 100,
      _sessionCache: [Object],
      [Symbol(shapeMode)]: false,
      [Symbol(kCapture)]: false
    },
    socketPath: undefined,
    method: 'GET',
    maxHeaderSize: undefined,
    insecureHTTPParser: undefined,
    joinDuplicateHeaders: undefined,
    path: "/sites/InorbitContactManagementSystem_Dev/_api/Web/Lists/getbytitle('mailHistory')/items?$top=50000",
    _ended: true,
    res: IncomingMessage {
      _events: [Object],
      _readableState: [ReadableState],
      _maxListeners: undefined,
      socket: null,
      httpVersionMajor: 1,
      httpVersionMinor: 1,
      httpVersion: '1.1',
      complete: true,
      rawHeaders: [Array],
      rawTrailers: [],
      joinDuplicateHeaders: undefined,
      aborted: false,
      upgrade: false,
      url: '',
      method: null,
      statusCode: 401,
      statusMessage: 'Unauthorized',
      client: [TLSSocket],
      _consuming: false,
      _dumped: false,
      req: [Circular *1],
      _eventsCount: 4,
      responseUrl: "https://kraheja.sharepoint.com/sites/InorbitContactManagementSystem_Dev/_api/Web/Lists/getbytitle('mailHistory')/items?$top=50000",
      redirects: [],
      [Symbol(shapeMode)]: true,
      [Symbol(kCapture)]: false,
      [Symbol(kHeaders)]: [Object],
      [Symbol(kHeadersCount)]: 52,
      [Symbol(kTrailers)]: null,
      [Symbol(kTrailersCount)]: 0
    },
    aborted: false,
    timeoutCb: null,
    upgradeOrConnect: false,
    parser: null,
    maxHeadersCount: null,
    reusedSocket: false,
    host: 'kraheja.sharepoint.com',
    protocol: 'https:',
    _redirectable: Writable {
      _events: [Object],
      _writableState: [WritableState],
      _maxListeners: undefined,
      _options: [Object],
      _ended: true,
      _ending: true,
      _redirectCount: 0,
      _redirects: [],
      _requestBodyLength: 0,
      _requestBodyBuffers: [],
      _eventsCount: 3,
      _onNativeResponse: [Function (anonymous)],
      _currentRequest: [Circular *1],
      _currentUrl: "https://kraheja.sharepoint.com/sites/InorbitContactManagementSystem_Dev/_api/Web/Lists/getbytitle('mailHistory')/items?$top=50000",
      [Symbol(shapeMode)]: true,
      [Symbol(kCapture)]: false
    },
    [Symbol(shapeMode)]: false,
    [Symbol(kCapture)]: false,
    [Symbol(kBytesWritten)]: 0,
    [Symbol(kNeedDrain)]: false,
    [Symbol(corked)]: 0,
    [Symbol(kChunkedBuffer)]: [],
    [Symbol(kChunkedLength)]: 0,
    [Symbol(kSocket)]: TLSSocket {
      _tlsOptions: [Object],
      _secureEstablished: true,
      _securePending: false,
      _newSessionPending: false,
      _controlReleased: true,
      secureConnecting: false,
      _SNICallback: null,
      servername: 'kraheja.sharepoint.com',
      alpnProtocol: false,
      authorized: true,
      authorizationError: null,
      encrypted: true,
      _events: [Object: null prototype],
      _eventsCount: 9,
      connecting: false,
      _hadError: false,
      _parent: null,
      _host: 'kraheja.sharepoint.com',
      _closeAfterHandlingError: false,
      _readableState: [ReadableState],
      _writableState: [WritableState],
      allowHalfOpen: false,
      _maxListeners: undefined,
      _sockname: null,
      _pendingData: null,
      _pendingEncoding: '',
      server: undefined,
      _server: null,
      ssl: [TLSWrap],
      _requestCert: true,
      _rejectUnauthorized: true,
      timeout: 5000,
      parser: null,
      _httpMessage: null,
      autoSelectFamilyAttemptedAddresses: [Array],
      [Symbol(alpncallback)]: null,
      [Symbol(res)]: [TLSWrap],
      [Symbol(verified)]: true,
      [Symbol(pendingSession)]: null,
      [Symbol(async_id_symbol)]: -1,
      [Symbol(kHandle)]: [TLSWrap],
      [Symbol(lastWriteQueueSize)]: 0,
      [Symbol(timeout)]: Timeout {
        _idleTimeout: 5000,
        _idlePrev: [TimersList],
        _idleNext: [Timeout],
        _idleStart: 70306,
        _onTimeout: [Function: bound ],
        _timerArgs: undefined,
        _repeat: null,
        _destroyed: false,
        [Symbol(refed)]: false,
        [Symbol(kHasPrimitive)]: false,
        [Symbol(asyncId)]: 346,
        [Symbol(triggerId)]: 344,
        [Symbol(kAsyncContextFrame)]: undefined
      },
      [Symbol(kBuffer)]: null,
      [Symbol(kBufferCb)]: null,
      [Symbol(kBufferGen)]: null,
      [Symbol(shapeMode)]: true,
      [Symbol(kCapture)]: false,
      [Symbol(kSetNoDelay)]: false,
      [Symbol(kSetKeepAlive)]: true,
      [Symbol(kSetKeepAliveInitialDelay)]: 1,
      [Symbol(kBytesRead)]: 0,
      [Symbol(kBytesWritten)]: 0,
      [Symbol(connect-options)]: [Object]
    },
    [Symbol(kOutHeaders)]: [Object: null prototype] {
      accept: [Array],
      authorization: [Array],
      'user-agent': [Array],
      'accept-encoding': [Array],
      host: [Array]
    },
    [Symbol(errored)]: null,
    [Symbol(kHighWaterMark)]: 16384,
    [Symbol(kRejectNonStandardBodyWrites)]: false,
    [Symbol(kUniqueHeaders)]: null
  },
  response: {
    status: 401,
    statusText: 'Unauthorized',
    headers: Object [AxiosHeaders] {
      'cache-control': 'private',
      'content-length': '51',
      p3p: 'CP="ALL IND DSP COR ADM CONo CUR CUSo IVAo IVDo PSA PSD TAI TELo OUR SAMo CNT COM INT NAV ONL PHY PRE PUR UNI"',
      'www-authenticate': 'Bearer realm="adf953e1-1575-46ec-8398-5d4c7a540570",client_id="00000003-0000-0ff1-ce00-000000000000",trusted_issuers="00000001-0000-0000-c000-000000000000@*,D3776938-3DBA-481F-A652-4BEDFCAB7CD8@*,https://sts.windows.net/*/,https://login.microsoftonline.com/*/v2.0,00000003-0000-0ff1-ce00-000000000000@90140122-8516-11e1-8eff-49304924019b",authorization_uri="https://login.microsoftonline.com/common/oauth2/authorize"',
      'x-networkstatistics': '0,4194720,0,207,241639,168794,168794,103333',
      'x-ms-diagnostics': '3000006;reason="Token contains invalid signature.";category="invalid_client"',
      isocdi: '0',
      'x-databoundary': 'NONE',
      'x-1dscollectorurl': 'https://mobile.events.data.microsoft.com/OneCollector/1.0/',
      'x-ariacollectorurl': 'https://browser.pipe.aria.microsoft.com/Collector/3.0/',
      sprequestguid: '2f33c9a1-206e-5000-f4cb-489a1362e3a6',
      'request-id': '2f33c9a1-206e-5000-f4cb-489a1362e3a6',
      'ms-cv': 'ockzL24gAFD0y0iaE2Ljpg.0',
      splogid: '2f33c9a1-206e-5000-f4cb-489a1362e3a6',
      'strict-transport-security': 'max-age=31536000',
      'x-frame-options': 'SAMEORIGIN',
      'content-security-policy': "frame-ancestors 'self' teams.microsoft.com *.teams.microsoft.com *.skype.com *.teams.microsoft.us local.teams.office.com teams.cloud.microsoft *.office365.com goals.cloud.microsoft *.powerapps.com *.powerbi.com *.yammer.com engage.cloud.microsoft word.cloud.microsoft excel.cloud.microsoft powerpoint.cloud.microsoft *.officeapps.live.com *.office.com *.microsoft365.com m365.cloud.microsoft *.cloud.microsoft *.stream.azure-test.net *.dynamics.com *.microsoft.com onedrive.live.com *.onedrive.live.com securebroker.sharepointonline.com;",
      sprequestduration: '115',
      spiislatency: '1',
      'x-powered-by': 'ASP.NET',
      microsoftsharepointteamservices: '16.0.0.26510',
      'x-content-type-options': 'nosniff',
      'x-ms-invokeapp': '1; RequireReadOnly',
      'x-cache': 'CONFIG_NOCACHE',
      'x-msedge-ref': 'Ref A: 66CE68E9A2EB428F80A43700EF2389C7 Ref B: MAA201060516033 Ref C: 2025-09-25T13:18:06Z',
      date: 'Thu, 25 Sep 2025 13:18:05 GMT'
    },
    config: {
      transitional: [Object],
      adapter: [Array],
      transformRequest: [Array],
      transformResponse: [Array],
      timeout: 0,
      xsrfCookieName: 'XSRF-TOKEN',
      xsrfHeaderName: 'X-XSRF-TOKEN',
      maxContentLength: -1,
      maxBodyLength: -1,
      env: [Object],
      validateStatus: [Function: validateStatus],
      headers: [Object [AxiosHeaders]],
      method: 'get',
      url: "https://kraheja.sharepoint.com/sites/InorbitContactManagementSystem_Dev/_api/Web/Lists/getbytitle('mailHistory')/items?$top=50000",
      data: undefined
    },
    request: <ref *1> ClientRequest {
      _events: [Object: null prototype],
      _eventsCount: 7,
      _maxListeners: undefined,
      outputData: [],
      outputSize: 0,
      writable: true,
      destroyed: true,
      _last: true,
      chunkedEncoding: false,
      shouldKeepAlive: true,
      maxRequestsOnConnectionReached: false,
      _defaultKeepAlive: true,
      useChunkedEncodingByDefault: false,
      sendDate: false,
      _removedConnection: false,
      _removedContLen: false,
      _removedTE: false,
      strictContentLength: false,
      _contentLength: 0,
      _hasBody: true,
      _trailer: '',
      finished: true,
      _headerSent: true,
      _closed: true,
      _header: "GET /sites/InorbitContactManagementSystem_Dev/_api/Web/Lists/getbytitle('mailHistory')/items?$top=50000 HTTP/1.1\r\n" +
        'Accept: application/json, text/plain, */*\r\n' +
        'Authorization: Bearer undefined\r\n' +
        'User-Agent: axios/1.6.7\r\n' +
        'Accept-Encoding: gzip, compress, deflate, br\r\n' +
        'Host: kraheja.sharepoint.com\r\n' +
        'Connection: keep-alive\r\n' +
        '\r\n',
      _keepAliveTimeout: 0,
      _onPendingData: [Function: nop],
      agent: [Agent],
      socketPath: undefined,
      method: 'GET',
      maxHeaderSize: undefined,
      insecureHTTPParser: undefined,
      joinDuplicateHeaders: undefined,
      path: "/sites/InorbitContactManagementSystem_Dev/_api/Web/Lists/getbytitle('mailHistory')/items?$top=50000",
      _ended: true,
      res: [IncomingMessage],
      aborted: false,
      timeoutCb: null,
      upgradeOrConnect: false,
      parser: null,
      maxHeadersCount: null,
      reusedSocket: false,
      host: 'kraheja.sharepoint.com',
      protocol: 'https:',
      _redirectable: [Writable],
      [Symbol(shapeMode)]: false,
      [Symbol(kCapture)]: false,
      [Symbol(kBytesWritten)]: 0,
      [Symbol(kNeedDrain)]: false,
      [Symbol(corked)]: 0,
      [Symbol(kChunkedBuffer)]: [],
      [Symbol(kChunkedLength)]: 0,
      [Symbol(kSocket)]: [TLSSocket],
      [Symbol(kOutHeaders)]: [Object: null prototype],
      [Symbol(errored)]: null,
      [Symbol(kHighWaterMark)]: 16384,
      [Symbol(kRejectNonStandardBodyWrites)]: false,
      [Symbol(kUniqueHeaders)]: null
    },
    data: { error_description: 'Unsupported security token.' }
  }
}
